06:57:08.752 [main                     ] DEBUG GameApplication      - Logger initialized
06:57:08.818 [main                     ] DEBUG GameApplication      - Logging settings
Title: NewGame
Version: 0.0
Width: 1200
Height: 700
Fullscreen: false
Intro: false
Menus: false
Profiling: false
Single step:false
App Mode: DEVELOPER
Menu Key: ESCAPE
Stage Style: DECORATED
Scene Factory: class com.almasb.fxgl.app.SceneFactory
Dialog Factory: class com.almasb.fxgl.ui.FXGLDialogFactory
UI Factory: class com.almasb.fxgl.ui.FXGLUIFactory

06:57:11.596 [JavaFX Application Thread] DEBUG Engine               - Initializing FXGL
06:57:11.655 [JavaFX Application Thread] INFO  Engine               - FXGL-11.2-beta on DESKTOP
06:57:11.656 [JavaFX Application Thread] INFO  Engine               - Source code and latest versions at: https://github.com/AlmasB/FXGL
06:57:11.656 [JavaFX Application Thread] INFO  Engine               -              Join the FXGL chat at: https://gitter.im/AlmasB/FXGL
06:57:11.671 [JavaFX Application Thread] DEBUG Engine               - Adding new engine service: class com.almasb.fxgl.audio.AudioPlayer
06:57:11.678 [JavaFX Application Thread] DEBUG Engine               - Adding new engine service: class com.almasb.fxgl.notification.impl.NotificationServiceProvider
06:57:11.682 [JavaFX Application Thread] DEBUG Engine               - Adding new engine service: class com.almasb.fxgl.achievement.AchievementManager
06:57:11.685 [JavaFX Application Thread] DEBUG Engine               - Adding new engine service: class com.almasb.fxgl.dev.DevService
06:57:11.788 [JavaFX Application Thread] DEBUG SaveLoadManager      - Checking profiles dir: profiles/
06:57:11.818 [JavaFX Application Thread] DEBUG FS                   - Loaded MobileFSService
06:57:11.821 [JavaFX Application Thread] DEBUG Engine               - Loading localizations
06:57:11.930 [JavaFX Application Thread] DEBUG AssetLoader          - Loading from disk: /assets/properties/languages/english.properties
06:57:11.946 [JavaFX Application Thread] DEBUG AssetLoader          - Loading from disk: /assets/properties/languages/french.properties
06:57:11.965 [JavaFX Application Thread] DEBUG AssetLoader          - Loading from disk: /assets/properties/languages/german.properties
06:57:11.976 [JavaFX Application Thread] DEBUG AssetLoader          - Loading from disk: /assets/properties/languages/russian.properties
06:57:11.990 [JavaFX Application Thread] DEBUG AssetLoader          - Loading from disk: /assets/properties/languages/hungarian.properties
06:57:11.999 [JavaFX Application Thread] DEBUG Engine               - Registering font factories
06:57:12.007 [JavaFX Application Thread] DEBUG AssetLoader          - Loading from disk: /assets/ui/fonts/VarelaRound-Regular.ttf
06:57:13.005 [JavaFX Application Thread] DEBUG AssetLoader          - Loading from disk: /assets/ui/fonts/Abel-Regular.ttf
06:57:13.048 [JavaFX Application Thread] DEBUG AssetLoader          - Loading from disk: /assets/ui/fonts/lucida_console.ttf
06:57:13.084 [JavaFX Application Thread] DEBUG AssetLoader          - Loading from disk: /assets/ui/fonts/Courier-Prime.ttf
06:57:13.104 [JavaFX Application Thread] DEBUG Engine               - Setting UI factory
06:57:13.828 [JavaFX Application Thread] DEBUG AssetLoader          - Loading from disk: /assets/ui/cursors/fxgl_default.png
06:57:14.483 [JavaFX Application Thread] DEBUG MainWindow           - Creating a JavaFX scene
06:57:14.816 [JavaFX Application Thread] DEBUG MainWindow           - Target settings size: 1200.0 x 700.0
06:57:14.817 [JavaFX Application Thread] DEBUG MainWindow           - Scaled scene size:    1200.0 x 700.0
06:57:14.818 [JavaFX Application Thread] DEBUG MainWindow           - Scaled ratio: (1.0, 1.0)
06:57:14.821 [JavaFX Application Thread] DEBUG AssetLoader          - Loading from disk: /assets/ui/css/fxgl_dark.css
06:57:14.825 [JavaFX Application Thread] DEBUG Input                - Clearing active input actions
06:57:14.826 [JavaFX Application Thread] DEBUG MainWindow           - StartupScene -> StartupScene
06:57:14.833 [JavaFX Application Thread] DEBUG AssetLoader          - Loading from disk: /assets/textures/fxgl_icon.png
06:57:14.913 [JavaFX Application Thread] DEBUG MainWindow           - Opening main window
06:57:15.587 [JavaFX Application Thread] DEBUG MainWindow           - Window border size: (16.0, 39.0)
06:57:15.588 [JavaFX Application Thread] DEBUG MainWindow           - Scaled size: 1200.0 x 700.0
06:57:15.588 [JavaFX Application Thread] DEBUG MainWindow           - Scaled ratio: (1.0, 1.0)
06:57:15.589 [JavaFX Application Thread] DEBUG MainWindow           - Scene size: 1200.0 x 700.0
06:57:15.590 [JavaFX Application Thread] DEBUG MainWindow           - Stage size: 1216.0 x 739.0
06:57:15.873 [FXGL Background Thread 1 ] DEBUG Engine               - Loading FXGL system data
06:57:15.892 [FXGL Background Thread 1 ] DEBUG MobileFSService      - Reading from: C:\Users\Laptop\IdeaProjects\javafx-workshop\system\fxgl.bundle
06:57:15.925 [FXGL Background Thread 1 ] DEBUG Engine               - Bundle FXGL: {}
06:57:15.926 [FXGL Background Thread 1 ] DEBUG Engine               - Initializing application scenes
06:57:15.931 [FXGL Background Thread 1 ] DEBUG AssetLoader          - Loading from disk: /assets/ui/cursors/fxgl_default.png
06:57:15.998 [FXGL Background Thread 1 ] DEBUG GameWorld            - Game world initialized
06:57:16.261 [FXGL Background Thread 1 ] DEBUG PhysicsWorld         - Physics world initialized: appHeight=700, physics.ppm=50.0
06:57:16.263 [FXGL Background Thread 1 ] DEBUG AssetLoader          - Loading from disk: /assets/ui/cursors/fxgl_default.png
06:57:16.271 [FXGL Background Thread 1 ] DEBUG GameScene            - Game scene initialized: 1200x700
06:57:16.394 [FXGL Background Thread 1 ] DEBUG Input                - Registered new binding: Pause - Esc
06:57:16.395 [FXGL Background Thread 1 ] DEBUG Engine               - Application scenes initialized
06:57:16.412 [JavaFX Application Thread] DEBUG Engine               - Running preInit()
06:57:16.419 [JavaFX Application Thread] DEBUG Input                - Registered new binding: Click - LMB
06:57:16.420 [JavaFX Application Thread] DEBUG Input                - Registered new binding: Go right - Right
06:57:16.421 [JavaFX Application Thread] DEBUG Input                - Registered new binding: Go left - Left
06:57:16.421 [JavaFX Application Thread] DEBUG Input                - Registered new binding: Jump - Space
06:57:16.425 [JavaFX Application Thread] DEBUG Input                - Registered new binding: Screenshot - P
06:57:16.427 [JavaFX Application Thread] DEBUG Input                - Registered new binding: Dev Options - 1
06:57:16.429 [JavaFX Application Thread] DEBUG Input                - Registered new binding: System info dump - CTRL+9
06:57:16.431 [JavaFX Application Thread] DEBUG Input                - Registered new binding: Restart - CTRL+R
06:57:16.431 [JavaFX Application Thread] DEBUG Engine               - generateDefaultProfile()
06:57:16.431 [JavaFX Application Thread] DEBUG Engine               - Creating default profile
06:57:16.433 [JavaFX Application Thread] DEBUG EventBus             - Firing event: SaveEvent
06:57:16.466 [JavaFX Application Thread] DEBUG Engine               - Logging environment variables
06:57:16.466 [JavaFX Application Thread] DEBUG Engine               - achievementStores: []
06:57:16.467 [JavaFX Application Thread] DEBUG Engine               - cSS: fxgl_dark.css
06:57:16.467 [JavaFX Application Thread] DEBUG Engine               - language: ObjectProperty [value: ENGLISH]
06:57:16.468 [JavaFX Application Thread] DEBUG Engine               - isCloseConfirmation: true
06:57:16.468 [JavaFX Application Thread] DEBUG Engine               - isProfilingEnabled: false
06:57:16.468 [JavaFX Application Thread] DEBUG Engine               - soundNotification: core/notification.wav
06:57:16.468 [JavaFX Application Thread] DEBUG Engine               - pixelsPerMeter: 50.0
06:57:16.469 [JavaFX Application Thread] DEBUG Engine               - overlayRoot: Group@3c878c0a
06:57:16.469 [JavaFX Application Thread] DEBUG Engine               - appIcon: fxgl_icon.png
06:57:16.470 [JavaFX Application Thread] DEBUG Engine               - soundMenuBack: menu/back.wav
06:57:16.470 [JavaFX Application Thread] DEBUG Engine               - isFullScreenAllowed: false
06:57:16.470 [JavaFX Application Thread] DEBUG Engine               - isIntroEnabled: false
06:57:16.471 [JavaFX Application Thread] DEBUG Engine               - fontMono: lucida_console.ttf
06:57:16.471 [JavaFX Application Thread] DEBUG Engine               - soundMenuSelect: menu/select.wav
06:57:16.471 [JavaFX Application Thread] DEBUG Engine               - height: 700
06:57:16.471 [JavaFX Application Thread] DEBUG Engine               - isSingleStep: false
06:57:16.472 [JavaFX Application Thread] DEBUG Engine               - fontGame: Abel-Regular.ttf
06:57:16.472 [JavaFX Application Thread] DEBUG Engine               - menuKey: ESCAPE
06:57:16.472 [JavaFX Application Thread] DEBUG Engine               - versionCheckDays: 7
06:57:16.472 [JavaFX Application Thread] DEBUG Engine               - masterTimer: com.almasb.fxgl.time.Timer@4ca69998
06:57:16.473 [JavaFX Application Thread] DEBUG Engine               - configClass: Optional.empty
06:57:16.473 [JavaFX Application Thread] DEBUG Engine               - version: 0.0
06:57:16.473 [JavaFX Application Thread] DEBUG Engine               - fullScreen: BooleanProperty [value: false]
06:57:16.474 [JavaFX Application Thread] DEBUG Engine               - dialogFactory: com.almasb.fxgl.ui.FXGLDialogFactory@72bcdabf
06:57:16.474 [JavaFX Application Thread] DEBUG Engine               - applicationMode: DEVELOPER
06:57:16.474 [JavaFX Application Thread] DEBUG Engine               - urlGoogleForms: https://goo.gl/forms/6wrMnOBxTE1fEpOy2
06:57:16.474 [JavaFX Application Thread] DEBUG Engine               - isMenuEnabled: false
06:57:16.475 [JavaFX Application Thread] DEBUG Engine               - urlPOM: https://raw.githubusercontent.com/AlmasB/FXGL/master/pom.xml
06:57:16.475 [JavaFX Application Thread] DEBUG Engine               - profileName: user.profile
06:57:16.475 [JavaFX Application Thread] DEBUG Engine               - notificationViewClass: class com.almasb.fxgl.notification.view.XboxNotificationView
06:57:16.475 [JavaFX Application Thread] DEBUG Engine               - sceneFactory: com.almasb.fxgl.app.SceneFactory@432afa
06:57:16.475 [JavaFX Application Thread] DEBUG Engine               - dataFileExt: .dat
06:57:16.476 [JavaFX Application Thread] DEBUG Engine               - stageStyle: DECORATED
06:57:16.476 [JavaFX Application Thread] DEBUG Engine               - isManualResizeEnabled: false
06:57:16.476 [JavaFX Application Thread] DEBUG Engine               - title: NewGame
06:57:16.476 [JavaFX Application Thread] DEBUG Engine               - credits: []
06:57:16.476 [JavaFX Application Thread] DEBUG Engine               - uIFactory: com.almasb.fxgl.ui.FXGLUIFactory@5328e170
06:57:16.476 [JavaFX Application Thread] DEBUG Engine               - fontText: Courier-Prime.ttf
06:57:16.477 [JavaFX Application Thread] DEBUG Engine               - isExperimentalTiledLargeMap: false
06:57:16.477 [JavaFX Application Thread] DEBUG Engine               - secondsIn24h: 60
06:57:16.477 [JavaFX Application Thread] DEBUG Engine               - soundMenuPress: menu/press.wav
06:57:16.477 [JavaFX Application Thread] DEBUG Engine               - urlGithub: https://github.com/AlmasB/FXGL
06:57:16.478 [JavaFX Application Thread] DEBUG Engine               - profileDir: profiles/
06:57:16.478 [JavaFX Application Thread] DEBUG Engine               - urlLeaderboard: http://fxgl-top.herokuapp.com/
06:57:16.478 [JavaFX Application Thread] DEBUG Engine               - saveDir: saves/
06:57:16.478 [JavaFX Application Thread] DEBUG Engine               - engineServices: [class com.almasb.fxgl.audio.AudioPlayer, class com.almasb.fxgl.notification.impl.NotificationServiceProvider, class com.almasb.fxgl.achievement.AchievementManager]
06:57:16.478 [JavaFX Application Thread] DEBUG Engine               - width: 1200
06:57:16.479 [JavaFX Application Thread] DEBUG Engine               - saveFileExt: .sav
06:57:16.479 [JavaFX Application Thread] DEBUG Engine               - fontUI: VarelaRound-Regular.ttf
06:57:16.479 [JavaFX Application Thread] DEBUG Engine               - enabledMenuItems: []
06:57:16.516 [JavaFX Application Thread] INFO  Engine               - FXGL initialization took: 4.694 sec
06:57:16.517 [JavaFX Application Thread] DEBUG LoopRunner           - Starting loop
06:57:16.541 [JavaFX Application Thread] DEBUG StartupScene         - STARTUP
06:57:16.541 [JavaFX Application Thread] DEBUG Engine               - Starting new game
06:57:16.542 [JavaFX Application Thread] DEBUG AssetLoader          - Loading from disk: /assets/ui/css/fxgl_dark.css
06:57:16.544 [JavaFX Application Thread] DEBUG Input                - Clearing active input actions
06:57:16.575 [JavaFX Application Thread] DEBUG MainWindow           - StartupScene -> LoadingScene
06:57:16.601 [JavaFX Application Thread] DEBUG Engine               - Removing overlay from StartupScene and adding to LoadingScene
06:57:16.602 [FXGL Background Thread 1 ] DEBUG InitAppTask          - Clearing previous game
06:57:16.603 [FXGL Background Thread 1 ] DEBUG GameWorld            - Clearing game world
06:57:16.603 [FXGL Background Thread 1 ] DEBUG PhysicsWorld         - Clearing physics world
06:57:16.604 [FXGL Background Thread 1 ] DEBUG GameScene            - Clearing game scene
06:57:16.604 [FXGL Background Thread 1 ] DEBUG InitAppTask          - Initializing Game
06:57:16.618 [FXGL Background Thread 1 ] DEBUG AssetLoader          - Loading from disk: /assets/textures/startscreen.jpg
06:57:16.759 [FXGL Background Thread 1 ] DEBUG AssetLoader          - Loading from disk: /assets/textures/startbutton.png
06:57:16.824 [FXGL Background Thread 1 ] DEBUG AssetLoader          - Loading from disk: /assets/textures/quitbutton.png
06:57:16.907 [FXGL Background Thread 1 ] DEBUG AssetLoader          - Loading from disk: /assets/textures/player2.gif
06:57:17.059 [FXGL Background Thread 1 ] DEBUG InitAppTask          - Initializing Physics
06:57:17.059 [FXGL Background Thread 1 ] DEBUG InitAppTask          - Initializing UI
06:57:17.059 [FXGL Background Thread 1 ] DEBUG InitAppTask          - Initialization Complete
06:57:17.060 [FXGL Background Thread 1 ] INFO  InitAppTask          - Game initialization took: 0.458 sec
06:57:17.128 [JavaFX Application Thread] DEBUG AssetLoader          - Loading from disk: /assets/ui/css/fxgl_dark.css
06:57:17.131 [JavaFX Application Thread] DEBUG Input                - Clearing active input actions
06:57:17.167 [JavaFX Application Thread] DEBUG MainWindow           - LoadingScene -> GameScene
06:57:17.168 [JavaFX Application Thread] DEBUG Engine               - Removing overlay from LoadingScene and adding to GameScene
06:57:36.742 [JavaFX Application Thread] DEBUG MainWindow           - Push state: DialogSubState
06:57:36.742 [JavaFX Application Thread] DEBUG Input                - Clearing active input actions
06:57:36.742 [JavaFX Application Thread] DEBUG MainWindow           - GameScene -> DialogSubState
06:57:36.791 [JavaFX Application Thread] DEBUG Engine               - Removing overlay from GameScene and adding to DialogSubState
06:57:38.247 [JavaFX Application Thread] DEBUG MainWindow           - Pop state: DialogSubState
06:57:38.247 [JavaFX Application Thread] DEBUG Input                - Clearing active input actions
06:57:38.250 [JavaFX Application Thread] DEBUG Engine               - Removing overlay from DialogSubState and adding to GameScene
06:57:38.251 [JavaFX Application Thread] DEBUG MainWindow           - GameScene <- DialogSubState
06:57:38.251 [JavaFX Application Thread] DEBUG Engine               - Exiting FXGL
06:57:38.252 [JavaFX Application Thread] DEBUG Engine               - Shutting down background threads
06:57:38.253 [JavaFX Application Thread] DEBUG Engine               - Saving FXGL system data
06:57:38.262 [JavaFX Application Thread] DEBUG MobileFSService      - Writing to: C:\Users\Laptop\IdeaProjects\javafx-workshop\system\fxgl.bundle
06:57:38.268 [JavaFX Application Thread] DEBUG Engine               - Closing logger and exiting JavaFX
