07:26:58.667 [main                     ] DEBUG GameApplication      - Logger initialized
07:26:58.713 [main                     ] DEBUG GameApplication      - Logging settings
Title: NewGame
Version: 0.0
Width: 1200
Height: 700
Fullscreen: false
Intro: false
Menus: false
Profiling: false
Single step:false
App Mode: DEVELOPER
Menu Key: ESCAPE
Stage Style: DECORATED
Scene Factory: class com.almasb.fxgl.app.SceneFactory
Dialog Factory: class com.almasb.fxgl.ui.FXGLDialogFactory
UI Factory: class com.almasb.fxgl.ui.FXGLUIFactory

07:27:00.975 [JavaFX Application Thread] DEBUG Engine               - Initializing FXGL
07:27:01.003 [JavaFX Application Thread] INFO  Engine               - FXGL-11.2-beta on DESKTOP
07:27:01.005 [JavaFX Application Thread] INFO  Engine               - Source code and latest versions at: https://github.com/AlmasB/FXGL
07:27:01.005 [JavaFX Application Thread] INFO  Engine               -              Join the FXGL chat at: https://gitter.im/AlmasB/FXGL
07:27:01.022 [JavaFX Application Thread] DEBUG Engine               - Adding new engine service: class com.almasb.fxgl.audio.AudioPlayer
07:27:01.027 [JavaFX Application Thread] DEBUG Engine               - Adding new engine service: class com.almasb.fxgl.notification.impl.NotificationServiceProvider
07:27:01.031 [JavaFX Application Thread] DEBUG Engine               - Adding new engine service: class com.almasb.fxgl.achievement.AchievementManager
07:27:01.034 [JavaFX Application Thread] DEBUG Engine               - Adding new engine service: class com.almasb.fxgl.dev.DevService
07:27:01.121 [JavaFX Application Thread] DEBUG SaveLoadManager      - Checking profiles dir: profiles/
07:27:01.133 [JavaFX Application Thread] DEBUG FS                   - Loaded MobileFSService
07:27:01.135 [JavaFX Application Thread] DEBUG Engine               - Loading localizations
07:27:01.182 [JavaFX Application Thread] DEBUG AssetLoader          - Loading from disk: /assets/properties/languages/english.properties
07:27:01.200 [JavaFX Application Thread] DEBUG AssetLoader          - Loading from disk: /assets/properties/languages/french.properties
07:27:01.219 [JavaFX Application Thread] DEBUG AssetLoader          - Loading from disk: /assets/properties/languages/german.properties
07:27:01.225 [JavaFX Application Thread] DEBUG AssetLoader          - Loading from disk: /assets/properties/languages/russian.properties
07:27:01.231 [JavaFX Application Thread] DEBUG AssetLoader          - Loading from disk: /assets/properties/languages/hungarian.properties
07:27:01.242 [JavaFX Application Thread] DEBUG Engine               - Registering font factories
07:27:01.245 [JavaFX Application Thread] DEBUG AssetLoader          - Loading from disk: /assets/ui/fonts/VarelaRound-Regular.ttf
07:27:02.013 [JavaFX Application Thread] DEBUG AssetLoader          - Loading from disk: /assets/ui/fonts/Abel-Regular.ttf
07:27:02.027 [JavaFX Application Thread] DEBUG AssetLoader          - Loading from disk: /assets/ui/fonts/lucida_console.ttf
07:27:02.053 [JavaFX Application Thread] DEBUG AssetLoader          - Loading from disk: /assets/ui/fonts/Courier-Prime.ttf
07:27:02.069 [JavaFX Application Thread] DEBUG Engine               - Setting UI factory
07:27:02.791 [JavaFX Application Thread] DEBUG AssetLoader          - Loading from disk: /assets/ui/cursors/fxgl_default.png
07:27:03.251 [JavaFX Application Thread] DEBUG MainWindow           - Creating a JavaFX scene
07:27:03.521 [JavaFX Application Thread] DEBUG MainWindow           - Target settings size: 1200.0 x 700.0
07:27:03.522 [JavaFX Application Thread] DEBUG MainWindow           - Scaled scene size:    1200.0 x 700.0
07:27:03.522 [JavaFX Application Thread] DEBUG MainWindow           - Scaled ratio: (1.0, 1.0)
07:27:03.524 [JavaFX Application Thread] DEBUG AssetLoader          - Loading from disk: /assets/ui/css/fxgl_dark.css
07:27:03.529 [JavaFX Application Thread] DEBUG Input                - Clearing active input actions
07:27:03.530 [JavaFX Application Thread] DEBUG MainWindow           - StartupScene -> StartupScene
07:27:03.538 [JavaFX Application Thread] DEBUG AssetLoader          - Loading from disk: /assets/textures/fxgl_icon.png
07:27:03.616 [JavaFX Application Thread] DEBUG MainWindow           - Opening main window
07:27:04.286 [JavaFX Application Thread] DEBUG MainWindow           - Window border size: (16.0, 39.0)
07:27:04.286 [JavaFX Application Thread] DEBUG MainWindow           - Scaled size: 1200.0 x 700.0
07:27:04.287 [JavaFX Application Thread] DEBUG MainWindow           - Scaled ratio: (1.0, 1.0)
07:27:04.287 [JavaFX Application Thread] DEBUG MainWindow           - Scene size: 1200.0 x 700.0
07:27:04.287 [JavaFX Application Thread] DEBUG MainWindow           - Stage size: 1216.0 x 739.0
07:27:04.505 [FXGL Background Thread 1 ] DEBUG Engine               - Loading FXGL system data
07:27:04.521 [FXGL Background Thread 1 ] DEBUG MobileFSService      - Reading from: C:\Users\Laptop\IdeaProjects\javafx-workshop\system\fxgl.bundle
07:27:04.558 [FXGL Background Thread 1 ] DEBUG Engine               - Bundle FXGL: {}
07:27:04.558 [FXGL Background Thread 1 ] DEBUG Engine               - Initializing application scenes
07:27:04.563 [FXGL Background Thread 1 ] DEBUG AssetLoader          - Loading from disk: /assets/ui/cursors/fxgl_default.png
07:27:04.718 [FXGL Background Thread 1 ] DEBUG GameWorld            - Game world initialized
07:27:04.963 [FXGL Background Thread 1 ] DEBUG PhysicsWorld         - Physics world initialized: appHeight=700, physics.ppm=50.0
07:27:04.965 [FXGL Background Thread 1 ] DEBUG AssetLoader          - Loading from disk: /assets/ui/cursors/fxgl_default.png
07:27:04.973 [FXGL Background Thread 1 ] DEBUG GameScene            - Game scene initialized: 1200x700
07:27:05.083 [FXGL Background Thread 1 ] DEBUG Input                - Registered new binding: Pause - Esc
07:27:05.083 [FXGL Background Thread 1 ] DEBUG Engine               - Application scenes initialized
07:27:05.096 [JavaFX Application Thread] DEBUG Engine               - Running preInit()
07:27:05.102 [JavaFX Application Thread] DEBUG Input                - Registered new binding: Click - LMB
07:27:05.103 [JavaFX Application Thread] DEBUG Input                - Registered new binding: Go right - Right
07:27:05.104 [JavaFX Application Thread] DEBUG Input                - Registered new binding: Go left - Left
07:27:05.105 [JavaFX Application Thread] DEBUG Input                - Registered new binding: Jump - Space
07:27:05.108 [JavaFX Application Thread] DEBUG Input                - Registered new binding: Screenshot - P
07:27:05.110 [JavaFX Application Thread] DEBUG Input                - Registered new binding: Dev Options - 1
07:27:05.112 [JavaFX Application Thread] DEBUG Input                - Registered new binding: System info dump - CTRL+9
07:27:05.113 [JavaFX Application Thread] DEBUG Input                - Registered new binding: Restart - CTRL+R
07:27:05.114 [JavaFX Application Thread] DEBUG Engine               - generateDefaultProfile()
07:27:05.114 [JavaFX Application Thread] DEBUG Engine               - Creating default profile
07:27:05.116 [JavaFX Application Thread] DEBUG EventBus             - Firing event: SaveEvent
07:27:05.147 [JavaFX Application Thread] DEBUG Engine               - Logging environment variables
07:27:05.147 [JavaFX Application Thread] DEBUG Engine               - achievementStores: []
07:27:05.147 [JavaFX Application Thread] DEBUG Engine               - cSS: fxgl_dark.css
07:27:05.148 [JavaFX Application Thread] DEBUG Engine               - language: ObjectProperty [value: ENGLISH]
07:27:05.148 [JavaFX Application Thread] DEBUG Engine               - isCloseConfirmation: true
07:27:05.148 [JavaFX Application Thread] DEBUG Engine               - isProfilingEnabled: false
07:27:05.149 [JavaFX Application Thread] DEBUG Engine               - soundNotification: core/notification.wav
07:27:05.149 [JavaFX Application Thread] DEBUG Engine               - pixelsPerMeter: 50.0
07:27:05.149 [JavaFX Application Thread] DEBUG Engine               - overlayRoot: Group@5ba75934
07:27:05.150 [JavaFX Application Thread] DEBUG Engine               - appIcon: fxgl_icon.png
07:27:05.150 [JavaFX Application Thread] DEBUG Engine               - soundMenuBack: menu/back.wav
07:27:05.150 [JavaFX Application Thread] DEBUG Engine               - isFullScreenAllowed: false
07:27:05.150 [JavaFX Application Thread] DEBUG Engine               - isIntroEnabled: false
07:27:05.150 [JavaFX Application Thread] DEBUG Engine               - fontMono: lucida_console.ttf
07:27:05.151 [JavaFX Application Thread] DEBUG Engine               - soundMenuSelect: menu/select.wav
07:27:05.151 [JavaFX Application Thread] DEBUG Engine               - height: 700
07:27:05.151 [JavaFX Application Thread] DEBUG Engine               - isSingleStep: false
07:27:05.151 [JavaFX Application Thread] DEBUG Engine               - fontGame: Abel-Regular.ttf
07:27:05.152 [JavaFX Application Thread] DEBUG Engine               - menuKey: ESCAPE
07:27:05.152 [JavaFX Application Thread] DEBUG Engine               - versionCheckDays: 7
07:27:05.152 [JavaFX Application Thread] DEBUG Engine               - masterTimer: com.almasb.fxgl.time.Timer@459bfd0a
07:27:05.152 [JavaFX Application Thread] DEBUG Engine               - configClass: Optional.empty
07:27:05.152 [JavaFX Application Thread] DEBUG Engine               - version: 0.0
07:27:05.153 [JavaFX Application Thread] DEBUG Engine               - fullScreen: BooleanProperty [value: false]
07:27:05.153 [JavaFX Application Thread] DEBUG Engine               - dialogFactory: com.almasb.fxgl.ui.FXGLDialogFactory@25d58a7f
07:27:05.153 [JavaFX Application Thread] DEBUG Engine               - applicationMode: DEVELOPER
07:27:05.154 [JavaFX Application Thread] DEBUG Engine               - urlGoogleForms: https://goo.gl/forms/6wrMnOBxTE1fEpOy2
07:27:05.154 [JavaFX Application Thread] DEBUG Engine               - isMenuEnabled: false
07:27:05.154 [JavaFX Application Thread] DEBUG Engine               - urlPOM: https://raw.githubusercontent.com/AlmasB/FXGL/master/pom.xml
07:27:05.154 [JavaFX Application Thread] DEBUG Engine               - profileName: user.profile
07:27:05.154 [JavaFX Application Thread] DEBUG Engine               - notificationViewClass: class com.almasb.fxgl.notification.view.XboxNotificationView
07:27:05.155 [JavaFX Application Thread] DEBUG Engine               - sceneFactory: com.almasb.fxgl.app.SceneFactory@2526a7a5
07:27:05.155 [JavaFX Application Thread] DEBUG Engine               - dataFileExt: .dat
07:27:05.155 [JavaFX Application Thread] DEBUG Engine               - stageStyle: DECORATED
07:27:05.155 [JavaFX Application Thread] DEBUG Engine               - isManualResizeEnabled: false
07:27:05.155 [JavaFX Application Thread] DEBUG Engine               - title: NewGame
07:27:05.156 [JavaFX Application Thread] DEBUG Engine               - credits: []
07:27:05.156 [JavaFX Application Thread] DEBUG Engine               - uIFactory: com.almasb.fxgl.ui.FXGLUIFactory@3e853d67
07:27:05.156 [JavaFX Application Thread] DEBUG Engine               - fontText: Courier-Prime.ttf
07:27:05.156 [JavaFX Application Thread] DEBUG Engine               - isExperimentalTiledLargeMap: false
07:27:05.156 [JavaFX Application Thread] DEBUG Engine               - secondsIn24h: 60
07:27:05.157 [JavaFX Application Thread] DEBUG Engine               - soundMenuPress: menu/press.wav
07:27:05.157 [JavaFX Application Thread] DEBUG Engine               - urlGithub: https://github.com/AlmasB/FXGL
07:27:05.157 [JavaFX Application Thread] DEBUG Engine               - profileDir: profiles/
07:27:05.157 [JavaFX Application Thread] DEBUG Engine               - urlLeaderboard: http://fxgl-top.herokuapp.com/
07:27:05.158 [JavaFX Application Thread] DEBUG Engine               - saveDir: saves/
07:27:05.158 [JavaFX Application Thread] DEBUG Engine               - engineServices: [class com.almasb.fxgl.audio.AudioPlayer, class com.almasb.fxgl.notification.impl.NotificationServiceProvider, class com.almasb.fxgl.achievement.AchievementManager]
07:27:05.158 [JavaFX Application Thread] DEBUG Engine               - width: 1200
07:27:05.158 [JavaFX Application Thread] DEBUG Engine               - saveFileExt: .sav
07:27:05.159 [JavaFX Application Thread] DEBUG Engine               - fontUI: VarelaRound-Regular.ttf
07:27:05.159 [JavaFX Application Thread] DEBUG Engine               - enabledMenuItems: []
07:27:05.195 [JavaFX Application Thread] INFO  Engine               - FXGL initialization took: 4.060 sec
07:27:05.195 [JavaFX Application Thread] DEBUG LoopRunner           - Starting loop
07:27:05.218 [JavaFX Application Thread] DEBUG StartupScene         - STARTUP
07:27:05.219 [JavaFX Application Thread] DEBUG Engine               - Starting new game
07:27:05.219 [JavaFX Application Thread] DEBUG AssetLoader          - Loading from disk: /assets/ui/css/fxgl_dark.css
07:27:05.221 [JavaFX Application Thread] DEBUG Input                - Clearing active input actions
07:27:05.252 [JavaFX Application Thread] DEBUG MainWindow           - StartupScene -> LoadingScene
07:27:05.280 [JavaFX Application Thread] DEBUG Engine               - Removing overlay from StartupScene and adding to LoadingScene
07:27:05.281 [FXGL Background Thread 1 ] DEBUG InitAppTask          - Clearing previous game
07:27:05.282 [FXGL Background Thread 1 ] DEBUG GameWorld            - Clearing game world
07:27:05.282 [FXGL Background Thread 1 ] DEBUG PhysicsWorld         - Clearing physics world
07:27:05.282 [FXGL Background Thread 1 ] DEBUG GameScene            - Clearing game scene
07:27:05.283 [FXGL Background Thread 1 ] DEBUG InitAppTask          - Initializing Game
07:27:05.295 [FXGL Background Thread 1 ] DEBUG AssetLoader          - Loading from disk: /assets/textures/startscreen.jpg
07:27:05.439 [FXGL Background Thread 1 ] DEBUG AssetLoader          - Loading from disk: /assets/textures/startbutton.png
07:27:05.500 [FXGL Background Thread 1 ] DEBUG AssetLoader          - Loading from disk: /assets/textures/quitbutton.png
07:27:05.564 [FXGL Background Thread 1 ] DEBUG AssetLoader          - Loading from disk: /assets/textures/player2.gif
07:27:05.705 [FXGL Background Thread 1 ] DEBUG InitAppTask          - Initializing Physics
07:27:05.705 [FXGL Background Thread 1 ] DEBUG InitAppTask          - Initializing UI
07:27:05.706 [FXGL Background Thread 1 ] DEBUG InitAppTask          - Initialization Complete
07:27:05.706 [FXGL Background Thread 1 ] INFO  InitAppTask          - Game initialization took: 0.425 sec
07:27:05.786 [JavaFX Application Thread] DEBUG AssetLoader          - Loading from disk: /assets/ui/css/fxgl_dark.css
07:27:05.788 [JavaFX Application Thread] DEBUG Input                - Clearing active input actions
07:27:05.825 [JavaFX Application Thread] DEBUG MainWindow           - LoadingScene -> GameScene
07:27:05.825 [JavaFX Application Thread] DEBUG Engine               - Removing overlay from LoadingScene and adding to GameScene
07:27:21.114 [JavaFX Application Thread] DEBUG MainWindow           - Push state: DialogSubState
07:27:21.114 [JavaFX Application Thread] DEBUG Input                - Clearing active input actions
07:27:21.114 [JavaFX Application Thread] DEBUG MainWindow           - GameScene -> DialogSubState
07:27:21.164 [JavaFX Application Thread] DEBUG Engine               - Removing overlay from GameScene and adding to DialogSubState
07:27:22.635 [JavaFX Application Thread] DEBUG MainWindow           - Pop state: DialogSubState
07:27:22.635 [JavaFX Application Thread] DEBUG Input                - Clearing active input actions
07:27:22.638 [JavaFX Application Thread] DEBUG Engine               - Removing overlay from DialogSubState and adding to GameScene
07:27:22.639 [JavaFX Application Thread] DEBUG MainWindow           - GameScene <- DialogSubState
07:27:22.639 [JavaFX Application Thread] DEBUG Engine               - Exiting FXGL
07:27:22.640 [JavaFX Application Thread] DEBUG Engine               - Shutting down background threads
07:27:22.640 [JavaFX Application Thread] DEBUG Engine               - Saving FXGL system data
07:27:22.648 [JavaFX Application Thread] DEBUG MobileFSService      - Writing to: C:\Users\Laptop\IdeaProjects\javafx-workshop\system\fxgl.bundle
07:27:22.653 [JavaFX Application Thread] DEBUG Engine               - Closing logger and exiting JavaFX
