13:48:42.348 [main                     ] DEBUG GameApplication      - Logger initialized
13:48:42.385 [main                     ] DEBUG GameApplication      - Logging settings
Title: NewGame
Version: 0.0
Width: 1200
Height: 700
Fullscreen: false
Intro: false
Menus: false
Profiling: false
Single step:false
App Mode: DEVELOPER
Menu Key: ESCAPE
Stage Style: DECORATED
Scene Factory: class com.almasb.fxgl.app.SceneFactory
Dialog Factory: class com.almasb.fxgl.ui.FXGLDialogFactory
UI Factory: class com.almasb.fxgl.ui.FXGLUIFactory

13:48:43.257 [JavaFX Application Thread] DEBUG Engine               - Initializing FXGL
13:48:43.267 [JavaFX Application Thread] INFO  Engine               - FXGL-11.2-beta on DESKTOP
13:48:43.268 [JavaFX Application Thread] INFO  Engine               - Source code and latest versions at: https://github.com/AlmasB/FXGL
13:48:43.269 [JavaFX Application Thread] INFO  Engine               -              Join the FXGL chat at: https://gitter.im/AlmasB/FXGL
13:48:43.274 [JavaFX Application Thread] DEBUG Engine               - Adding new engine service: class com.almasb.fxgl.audio.AudioPlayer
13:48:43.275 [JavaFX Application Thread] DEBUG Engine               - Adding new engine service: class com.almasb.fxgl.notification.impl.NotificationServiceProvider
13:48:43.276 [JavaFX Application Thread] DEBUG Engine               - Adding new engine service: class com.almasb.fxgl.achievement.AchievementManager
13:48:43.278 [JavaFX Application Thread] DEBUG Engine               - Adding new engine service: class com.almasb.fxgl.dev.DevService
13:48:43.303 [JavaFX Application Thread] DEBUG SaveLoadManager      - Checking profiles dir: profiles/
13:48:43.307 [JavaFX Application Thread] DEBUG FS                   - Loaded MobileFSService
13:48:43.307 [JavaFX Application Thread] DEBUG Engine               - Loading localizations
13:48:43.332 [JavaFX Application Thread] DEBUG AssetLoader          - Loading from disk: /assets/properties/languages/english.properties
13:48:43.339 [JavaFX Application Thread] DEBUG AssetLoader          - Loading from disk: /assets/properties/languages/french.properties
13:48:43.342 [JavaFX Application Thread] DEBUG AssetLoader          - Loading from disk: /assets/properties/languages/german.properties
13:48:43.345 [JavaFX Application Thread] DEBUG AssetLoader          - Loading from disk: /assets/properties/languages/russian.properties
13:48:43.348 [JavaFX Application Thread] DEBUG AssetLoader          - Loading from disk: /assets/properties/languages/hungarian.properties
13:48:43.351 [JavaFX Application Thread] DEBUG Engine               - Registering font factories
13:48:43.352 [JavaFX Application Thread] DEBUG AssetLoader          - Loading from disk: /assets/ui/fonts/VarelaRound-Regular.ttf
13:48:43.806 [JavaFX Application Thread] DEBUG AssetLoader          - Loading from disk: /assets/ui/fonts/Abel-Regular.ttf
13:48:43.839 [JavaFX Application Thread] DEBUG AssetLoader          - Loading from disk: /assets/ui/fonts/lucida_console.ttf
13:48:43.863 [JavaFX Application Thread] DEBUG AssetLoader          - Loading from disk: /assets/ui/fonts/Courier-Prime.ttf
13:48:43.891 [JavaFX Application Thread] DEBUG Engine               - Setting UI factory
13:48:44.082 [JavaFX Application Thread] DEBUG AssetLoader          - Loading from disk: /assets/ui/cursors/fxgl_default.png
13:48:44.249 [JavaFX Application Thread] DEBUG MainWindow           - Creating a JavaFX scene
13:48:44.347 [JavaFX Application Thread] DEBUG MainWindow           - Target settings size: 1200.0 x 700.0
13:48:44.347 [JavaFX Application Thread] DEBUG MainWindow           - Scaled scene size:    1200.0 x 700.0
13:48:44.347 [JavaFX Application Thread] DEBUG MainWindow           - Scaled ratio: (1.0, 1.0)
13:48:44.348 [JavaFX Application Thread] DEBUG AssetLoader          - Loading from disk: /assets/ui/css/fxgl_dark.css
13:48:44.349 [JavaFX Application Thread] DEBUG Input                - Clearing active input actions
13:48:44.350 [JavaFX Application Thread] DEBUG MainWindow           - StartupScene -> StartupScene
13:48:44.353 [JavaFX Application Thread] DEBUG AssetLoader          - Loading from disk: /assets/textures/fxgl_icon.png
13:48:44.386 [JavaFX Application Thread] DEBUG MainWindow           - Opening main window
13:48:44.676 [JavaFX Application Thread] DEBUG MainWindow           - Window border size: (16.0, 39.0)
13:48:44.676 [JavaFX Application Thread] DEBUG MainWindow           - Scaled size: 1200.0 x 700.0
13:48:44.677 [JavaFX Application Thread] DEBUG MainWindow           - Scaled ratio: (1.0, 1.0)
13:48:44.677 [JavaFX Application Thread] DEBUG MainWindow           - Scene size: 1200.0 x 700.0
13:48:44.678 [JavaFX Application Thread] DEBUG MainWindow           - Stage size: 1216.0 x 739.0
13:48:44.792 [FXGL Background Thread 1 ] DEBUG Engine               - Loading FXGL system data
13:48:44.847 [FXGL Background Thread 1 ] DEBUG MobileFSService      - Reading from: E:\JavaFX\Shovon\javagame2-1\javafx-workshop\system\fxgl.bundle
13:48:44.871 [FXGL Background Thread 1 ] DEBUG Engine               - Bundle FXGL: {}
13:48:44.874 [FXGL Background Thread 1 ] DEBUG Engine               - Initializing application scenes
13:48:44.876 [FXGL Background Thread 1 ] DEBUG AssetLoader          - Loading from disk: /assets/ui/cursors/fxgl_default.png
13:48:44.902 [FXGL Background Thread 1 ] DEBUG GameWorld            - Game world initialized
13:48:45.030 [FXGL Background Thread 1 ] DEBUG PhysicsWorld         - Physics world initialized: appHeight=700, physics.ppm=50.0
13:48:45.031 [FXGL Background Thread 1 ] DEBUG AssetLoader          - Loading from disk: /assets/ui/cursors/fxgl_default.png
13:48:45.035 [FXGL Background Thread 1 ] DEBUG GameScene            - Game scene initialized: 1200x700
13:48:45.080 [FXGL Background Thread 1 ] DEBUG Input                - Registered new binding: Pause - Esc
13:48:45.080 [FXGL Background Thread 1 ] DEBUG Engine               - Application scenes initialized
13:48:45.086 [JavaFX Application Thread] DEBUG Engine               - Running preInit()
13:48:45.087 [JavaFX Application Thread] DEBUG Input                - Registered new binding: Go right - Right
13:48:45.087 [JavaFX Application Thread] DEBUG Input                - Registered new binding: Go left - Left
13:48:45.087 [JavaFX Application Thread] DEBUG Input                - Registered new binding: Jump - Space
13:48:45.089 [JavaFX Application Thread] DEBUG Input                - Registered new binding: Screenshot - P
13:48:45.089 [JavaFX Application Thread] DEBUG Input                - Registered new binding: Dev Options - 1
13:48:45.090 [JavaFX Application Thread] DEBUG Input                - Registered new binding: System info dump - CTRL+9
13:48:45.091 [JavaFX Application Thread] DEBUG Input                - Registered new binding: Restart - CTRL+R
13:48:45.091 [JavaFX Application Thread] DEBUG Engine               - generateDefaultProfile()
13:48:45.091 [JavaFX Application Thread] DEBUG Engine               - Creating default profile
13:48:45.092 [JavaFX Application Thread] DEBUG EventBus             - Firing event: SaveEvent
13:48:45.111 [JavaFX Application Thread] DEBUG Engine               - Logging environment variables
13:48:45.111 [JavaFX Application Thread] DEBUG Engine               - achievementStores: []
13:48:45.112 [JavaFX Application Thread] DEBUG Engine               - cSS: fxgl_dark.css
13:48:45.112 [JavaFX Application Thread] DEBUG Engine               - language: ObjectProperty [value: ENGLISH]
13:48:45.112 [JavaFX Application Thread] DEBUG Engine               - isCloseConfirmation: true
13:48:45.112 [JavaFX Application Thread] DEBUG Engine               - isProfilingEnabled: false
13:48:45.112 [JavaFX Application Thread] DEBUG Engine               - soundNotification: core/notification.wav
13:48:45.112 [JavaFX Application Thread] DEBUG Engine               - pixelsPerMeter: 50.0
13:48:45.112 [JavaFX Application Thread] DEBUG Engine               - overlayRoot: Group@60a066f4
13:48:45.112 [JavaFX Application Thread] DEBUG Engine               - appIcon: fxgl_icon.png
13:48:45.112 [JavaFX Application Thread] DEBUG Engine               - soundMenuBack: menu/back.wav
13:48:45.112 [JavaFX Application Thread] DEBUG Engine               - isFullScreenAllowed: false
13:48:45.112 [JavaFX Application Thread] DEBUG Engine               - isIntroEnabled: false
13:48:45.112 [JavaFX Application Thread] DEBUG Engine               - fontMono: lucida_console.ttf
13:48:45.112 [JavaFX Application Thread] DEBUG Engine               - soundMenuSelect: menu/select.wav
13:48:45.113 [JavaFX Application Thread] DEBUG Engine               - height: 700
13:48:45.113 [JavaFX Application Thread] DEBUG Engine               - isSingleStep: false
13:48:45.113 [JavaFX Application Thread] DEBUG Engine               - fontGame: Abel-Regular.ttf
13:48:45.113 [JavaFX Application Thread] DEBUG Engine               - menuKey: ESCAPE
13:48:45.113 [JavaFX Application Thread] DEBUG Engine               - versionCheckDays: 7
13:48:45.113 [JavaFX Application Thread] DEBUG Engine               - masterTimer: com.almasb.fxgl.time.Timer@6df5307a
13:48:45.113 [JavaFX Application Thread] DEBUG Engine               - configClass: Optional.empty
13:48:45.114 [JavaFX Application Thread] DEBUG Engine               - version: 0.0
13:48:45.114 [JavaFX Application Thread] DEBUG Engine               - fullScreen: BooleanProperty [value: false]
13:48:45.114 [JavaFX Application Thread] DEBUG Engine               - dialogFactory: com.almasb.fxgl.ui.FXGLDialogFactory@399585fc
13:48:45.114 [JavaFX Application Thread] DEBUG Engine               - applicationMode: DEVELOPER
13:48:45.114 [JavaFX Application Thread] DEBUG Engine               - urlGoogleForms: https://goo.gl/forms/6wrMnOBxTE1fEpOy2
13:48:45.114 [JavaFX Application Thread] DEBUG Engine               - isMenuEnabled: false
13:48:45.114 [JavaFX Application Thread] DEBUG Engine               - urlPOM: https://raw.githubusercontent.com/AlmasB/FXGL/master/pom.xml
13:48:45.114 [JavaFX Application Thread] DEBUG Engine               - profileName: user.profile
13:48:45.115 [JavaFX Application Thread] DEBUG Engine               - notificationViewClass: class com.almasb.fxgl.notification.view.XboxNotificationView
13:48:45.115 [JavaFX Application Thread] DEBUG Engine               - sceneFactory: com.almasb.fxgl.app.SceneFactory@77461e4d
13:48:45.115 [JavaFX Application Thread] DEBUG Engine               - dataFileExt: .dat
13:48:45.115 [JavaFX Application Thread] DEBUG Engine               - stageStyle: DECORATED
13:48:45.115 [JavaFX Application Thread] DEBUG Engine               - isManualResizeEnabled: false
13:48:45.115 [JavaFX Application Thread] DEBUG Engine               - title: NewGame
13:48:45.116 [JavaFX Application Thread] DEBUG Engine               - credits: []
13:48:45.116 [JavaFX Application Thread] DEBUG Engine               - uIFactory: com.almasb.fxgl.ui.FXGLUIFactory@492129f0
13:48:45.116 [JavaFX Application Thread] DEBUG Engine               - fontText: Courier-Prime.ttf
13:48:45.116 [JavaFX Application Thread] DEBUG Engine               - isExperimentalTiledLargeMap: false
13:48:45.116 [JavaFX Application Thread] DEBUG Engine               - secondsIn24h: 60
13:48:45.116 [JavaFX Application Thread] DEBUG Engine               - soundMenuPress: menu/press.wav
13:48:45.116 [JavaFX Application Thread] DEBUG Engine               - urlGithub: https://github.com/AlmasB/FXGL
13:48:45.117 [JavaFX Application Thread] DEBUG Engine               - profileDir: profiles/
13:48:45.117 [JavaFX Application Thread] DEBUG Engine               - urlLeaderboard: http://fxgl-top.herokuapp.com/
13:48:45.117 [JavaFX Application Thread] DEBUG Engine               - saveDir: saves/
13:48:45.117 [JavaFX Application Thread] DEBUG Engine               - engineServices: [class com.almasb.fxgl.audio.AudioPlayer, class com.almasb.fxgl.notification.impl.NotificationServiceProvider, class com.almasb.fxgl.achievement.AchievementManager]
13:48:45.117 [JavaFX Application Thread] DEBUG Engine               - width: 1200
13:48:45.117 [JavaFX Application Thread] DEBUG Engine               - saveFileExt: .sav
13:48:45.117 [JavaFX Application Thread] DEBUG Engine               - fontUI: VarelaRound-Regular.ttf
13:48:45.118 [JavaFX Application Thread] DEBUG Engine               - enabledMenuItems: []
13:48:45.134 [JavaFX Application Thread] INFO  Engine               - FXGL initialization took: 1.827 sec
13:48:45.134 [JavaFX Application Thread] DEBUG LoopRunner           - Starting loop
13:48:45.143 [JavaFX Application Thread] DEBUG StartupScene         - STARTUP
13:48:45.143 [JavaFX Application Thread] DEBUG Engine               - Starting new game
13:48:45.144 [JavaFX Application Thread] DEBUG AssetLoader          - Loading from disk: /assets/ui/css/fxgl_dark.css
13:48:45.144 [JavaFX Application Thread] DEBUG Input                - Clearing active input actions
13:48:45.160 [JavaFX Application Thread] DEBUG MainWindow           - StartupScene -> LoadingScene
13:48:45.168 [JavaFX Application Thread] DEBUG Engine               - Removing overlay from StartupScene and adding to LoadingScene
13:48:45.168 [FXGL Background Thread 1 ] DEBUG InitAppTask          - Clearing previous game
13:48:45.168 [FXGL Background Thread 1 ] DEBUG GameWorld            - Clearing game world
13:48:45.169 [FXGL Background Thread 1 ] DEBUG PhysicsWorld         - Clearing physics world
13:48:45.169 [FXGL Background Thread 1 ] DEBUG GameScene            - Clearing game scene
13:48:45.174 [FXGL Background Thread 1 ] DEBUG InitAppTask          - Initializing Game
13:48:45.177 [FXGL Background Thread 1 ] DEBUG AssetLoader          - Loading from disk: /assets/textures/background.png
13:48:45.427 [FXGL Background Thread 1 ] DEBUG AssetLoader          - Loading from disk: /assets/textures/player2_still.png
13:48:45.736 [FXGL Background Thread 1 ] DEBUG InitAppTask          - Initializing Physics
13:48:45.736 [FXGL Background Thread 1 ] DEBUG InitAppTask          - Initializing UI
13:48:45.739 [FXGL Background Thread 1 ] DEBUG InitAppTask          - Initialization Complete
13:48:45.740 [FXGL Background Thread 1 ] INFO  InitAppTask          - Game initialization took: 0.571 sec
13:48:45.741 [JavaFX Application Thread] DEBUG AssetLoader          - Loading from disk: /assets/ui/css/fxgl_dark.css
13:48:45.741 [JavaFX Application Thread] DEBUG Input                - Clearing active input actions
13:48:45.757 [JavaFX Application Thread] DEBUG MainWindow           - LoadingScene -> GameScene
13:48:45.757 [JavaFX Application Thread] DEBUG Engine               - Removing overlay from LoadingScene and adding to GameScene
13:48:46.493 [JavaFX Application Thread] DEBUG AssetLoader          - Loading from disk: /assets/textures/player2.gif
13:48:46.541 [JavaFX Application Thread] DEBUG AssetLoader          - Loading from cache: /assets/textures/player2.gif
13:48:46.557 [JavaFX Application Thread] DEBUG AssetLoader          - Loading from cache: /assets/textures/player2.gif
13:48:46.573 [JavaFX Application Thread] DEBUG AssetLoader          - Loading from cache: /assets/textures/player2.gif
13:48:46.589 [JavaFX Application Thread] DEBUG AssetLoader          - Loading from cache: /assets/textures/player2.gif
13:48:46.606 [JavaFX Application Thread] DEBUG AssetLoader          - Loading from cache: /assets/textures/player2.gif
13:48:46.622 [JavaFX Application Thread] DEBUG AssetLoader          - Loading from cache: /assets/textures/player2.gif
13:48:46.638 [JavaFX Application Thread] DEBUG AssetLoader          - Loading from cache: /assets/textures/player2.gif
13:48:46.653 [JavaFX Application Thread] DEBUG AssetLoader          - Loading from cache: /assets/textures/player2.gif
13:48:46.670 [JavaFX Application Thread] DEBUG AssetLoader          - Loading from cache: /assets/textures/player2.gif
13:48:46.686 [JavaFX Application Thread] DEBUG AssetLoader          - Loading from cache: /assets/textures/player2.gif
13:48:46.701 [JavaFX Application Thread] DEBUG AssetLoader          - Loading from cache: /assets/textures/player2.gif
13:48:46.717 [JavaFX Application Thread] DEBUG AssetLoader          - Loading from cache: /assets/textures/player2.gif
13:48:46.733 [JavaFX Application Thread] DEBUG AssetLoader          - Loading from cache: /assets/textures/player2.gif
13:48:46.750 [JavaFX Application Thread] DEBUG AssetLoader          - Loading from cache: /assets/textures/player2.gif
13:48:46.765 [JavaFX Application Thread] DEBUG AssetLoader          - Loading from cache: /assets/textures/player2.gif
13:48:46.797 [JavaFX Application Thread] DEBUG AssetLoader          - Loading from cache: /assets/textures/player2.gif
13:48:46.813 [JavaFX Application Thread] DEBUG AssetLoader          - Loading from cache: /assets/textures/player2.gif
13:48:46.830 [JavaFX Application Thread] DEBUG AssetLoader          - Loading from cache: /assets/textures/player2.gif
13:48:46.846 [JavaFX Application Thread] DEBUG AssetLoader          - Loading from cache: /assets/textures/player2.gif
13:48:46.862 [JavaFX Application Thread] DEBUG AssetLoader          - Loading from cache: /assets/textures/player2.gif
13:48:46.877 [JavaFX Application Thread] DEBUG AssetLoader          - Loading from cache: /assets/textures/player2.gif
13:48:46.894 [JavaFX Application Thread] DEBUG AssetLoader          - Loading from cache: /assets/textures/player2.gif
13:48:46.910 [JavaFX Application Thread] DEBUG AssetLoader          - Loading from cache: /assets/textures/player2.gif
13:48:46.926 [JavaFX Application Thread] DEBUG AssetLoader          - Loading from cache: /assets/textures/player2.gif
13:48:46.942 [JavaFX Application Thread] DEBUG AssetLoader          - Loading from cache: /assets/textures/player2.gif
13:48:46.957 [JavaFX Application Thread] DEBUG AssetLoader          - Loading from cache: /assets/textures/player2.gif
13:48:46.974 [JavaFX Application Thread] DEBUG AssetLoader          - Loading from cache: /assets/textures/player2.gif
13:48:46.989 [JavaFX Application Thread] DEBUG AssetLoader          - Loading from cache: /assets/textures/player2.gif
13:48:47.005 [JavaFX Application Thread] DEBUG AssetLoader          - Loading from cache: /assets/textures/player2.gif
13:48:47.021 [JavaFX Application Thread] DEBUG AssetLoader          - Loading from cache: /assets/textures/player2.gif
13:48:47.038 [JavaFX Application Thread] DEBUG AssetLoader          - Loading from cache: /assets/textures/player2.gif
13:48:47.053 [JavaFX Application Thread] DEBUG AssetLoader          - Loading from cache: /assets/textures/player2.gif
13:48:47.070 [JavaFX Application Thread] DEBUG AssetLoader          - Loading from cache: /assets/textures/player2.gif
13:48:47.085 [JavaFX Application Thread] DEBUG AssetLoader          - Loading from cache: /assets/textures/player2.gif
13:48:47.101 [JavaFX Application Thread] DEBUG AssetLoader          - Loading from cache: /assets/textures/player2.gif
13:48:47.117 [JavaFX Application Thread] DEBUG AssetLoader          - Loading from cache: /assets/textures/player2.gif
13:48:47.134 [JavaFX Application Thread] DEBUG AssetLoader          - Loading from cache: /assets/textures/player2.gif
13:48:47.149 [JavaFX Application Thread] DEBUG AssetLoader          - Loading from cache: /assets/textures/player2.gif
13:48:47.165 [JavaFX Application Thread] DEBUG AssetLoader          - Loading from cache: /assets/textures/player2.gif
13:48:47.182 [JavaFX Application Thread] DEBUG AssetLoader          - Loading from cache: /assets/textures/player2.gif
13:48:47.197 [JavaFX Application Thread] DEBUG AssetLoader          - Loading from cache: /assets/textures/player2.gif
13:48:47.229 [JavaFX Application Thread] DEBUG AssetLoader          - Loading from cache: /assets/textures/player2.gif
13:48:47.246 [JavaFX Application Thread] DEBUG AssetLoader          - Loading from cache: /assets/textures/player2.gif
13:48:47.263 [JavaFX Application Thread] DEBUG AssetLoader          - Loading from cache: /assets/textures/player2.gif
13:48:47.277 [JavaFX Application Thread] DEBUG AssetLoader          - Loading from cache: /assets/textures/player2.gif
13:48:47.293 [JavaFX Application Thread] DEBUG AssetLoader          - Loading from cache: /assets/textures/player2.gif
13:48:47.309 [JavaFX Application Thread] DEBUG AssetLoader          - Loading from cache: /assets/textures/player2.gif
13:48:47.325 [JavaFX Application Thread] DEBUG AssetLoader          - Loading from cache: /assets/textures/player2.gif
13:48:47.341 [JavaFX Application Thread] DEBUG AssetLoader          - Loading from cache: /assets/textures/player2.gif
13:48:47.389 [JavaFX Application Thread] DEBUG AssetLoader          - Loading from cache: /assets/textures/player2.gif
13:48:47.405 [JavaFX Application Thread] DEBUG AssetLoader          - Loading from cache: /assets/textures/player2.gif
13:48:47.422 [JavaFX Application Thread] DEBUG AssetLoader          - Loading from cache: /assets/textures/player2.gif
13:48:47.437 [JavaFX Application Thread] DEBUG AssetLoader          - Loading from cache: /assets/textures/player2.gif
13:48:47.453 [JavaFX Application Thread] DEBUG AssetLoader          - Loading from cache: /assets/textures/player2.gif
13:48:47.469 [JavaFX Application Thread] DEBUG AssetLoader          - Loading from cache: /assets/textures/player2.gif
13:48:47.485 [JavaFX Application Thread] DEBUG AssetLoader          - Loading from cache: /assets/textures/player2.gif
13:48:47.501 [JavaFX Application Thread] DEBUG AssetLoader          - Loading from cache: /assets/textures/player2.gif
13:48:47.518 [JavaFX Application Thread] DEBUG AssetLoader          - Loading from cache: /assets/textures/player2.gif
13:48:47.533 [JavaFX Application Thread] DEBUG AssetLoader          - Loading from cache: /assets/textures/player2.gif
13:48:47.549 [JavaFX Application Thread] DEBUG AssetLoader          - Loading from cache: /assets/textures/player2.gif
13:48:47.566 [JavaFX Application Thread] DEBUG AssetLoader          - Loading from cache: /assets/textures/player2.gif
13:48:47.581 [JavaFX Application Thread] DEBUG AssetLoader          - Loading from cache: /assets/textures/player2.gif
13:48:47.598 [JavaFX Application Thread] DEBUG AssetLoader          - Loading from cache: /assets/textures/player2.gif
13:48:47.614 [JavaFX Application Thread] DEBUG AssetLoader          - Loading from cache: /assets/textures/player2.gif
13:48:47.646 [JavaFX Application Thread] DEBUG AssetLoader          - Loading from cache: /assets/textures/player2.gif
13:48:47.661 [JavaFX Application Thread] DEBUG AssetLoader          - Loading from cache: /assets/textures/player2.gif
13:48:47.677 [JavaFX Application Thread] DEBUG AssetLoader          - Loading from cache: /assets/textures/player2.gif
13:48:47.693 [JavaFX Application Thread] DEBUG AssetLoader          - Loading from cache: /assets/textures/player2.gif
13:48:47.741 [JavaFX Application Thread] DEBUG AssetLoader          - Loading from cache: /assets/textures/player2.gif
13:48:47.758 [JavaFX Application Thread] DEBUG AssetLoader          - Loading from cache: /assets/textures/player2.gif
13:48:47.773 [JavaFX Application Thread] DEBUG AssetLoader          - Loading from cache: /assets/textures/player2.gif
13:48:47.869 [JavaFX Application Thread] DEBUG AssetLoader          - Loading from cache: /assets/textures/player2.gif
13:48:47.912 [JavaFX Application Thread] DEBUG AssetLoader          - Loading from cache: /assets/textures/player2.gif
13:48:47.917 [JavaFX Application Thread] DEBUG AssetLoader          - Loading from cache: /assets/textures/player2.gif
13:48:47.933 [JavaFX Application Thread] DEBUG AssetLoader          - Loading from cache: /assets/textures/player2.gif
13:48:47.950 [JavaFX Application Thread] DEBUG AssetLoader          - Loading from cache: /assets/textures/player2.gif
13:48:47.965 [JavaFX Application Thread] DEBUG AssetLoader          - Loading from cache: /assets/textures/player2.gif
13:48:47.982 [JavaFX Application Thread] DEBUG AssetLoader          - Loading from cache: /assets/textures/player2.gif
13:48:47.998 [JavaFX Application Thread] DEBUG AssetLoader          - Loading from cache: /assets/textures/player2.gif
13:48:48.015 [JavaFX Application Thread] DEBUG AssetLoader          - Loading from cache: /assets/textures/player2.gif
13:48:48.046 [JavaFX Application Thread] DEBUG AssetLoader          - Loading from cache: /assets/textures/player2.gif
13:48:48.062 [JavaFX Application Thread] DEBUG AssetLoader          - Loading from cache: /assets/textures/player2.gif
13:48:48.077 [JavaFX Application Thread] DEBUG AssetLoader          - Loading from cache: /assets/textures/player2.gif
13:48:48.093 [JavaFX Application Thread] DEBUG AssetLoader          - Loading from cache: /assets/textures/player2.gif
13:48:48.109 [JavaFX Application Thread] DEBUG AssetLoader          - Loading from cache: /assets/textures/player2.gif
13:48:48.125 [JavaFX Application Thread] DEBUG AssetLoader          - Loading from cache: /assets/textures/player2.gif
13:48:48.174 [JavaFX Application Thread] DEBUG AssetLoader          - Loading from cache: /assets/textures/player2.gif
13:48:48.189 [JavaFX Application Thread] DEBUG AssetLoader          - Loading from cache: /assets/textures/player2.gif
13:48:48.205 [JavaFX Application Thread] DEBUG AssetLoader          - Loading from cache: /assets/textures/player2.gif
13:48:48.221 [JavaFX Application Thread] DEBUG AssetLoader          - Loading from cache: /assets/textures/player2.gif
13:48:48.238 [JavaFX Application Thread] DEBUG AssetLoader          - Loading from cache: /assets/textures/player2.gif
13:48:48.254 [JavaFX Application Thread] DEBUG AssetLoader          - Loading from cache: /assets/textures/player2.gif
13:48:48.270 [JavaFX Application Thread] DEBUG AssetLoader          - Loading from cache: /assets/textures/player2.gif
13:48:48.286 [JavaFX Application Thread] DEBUG AssetLoader          - Loading from cache: /assets/textures/player2.gif
13:48:48.301 [JavaFX Application Thread] DEBUG AssetLoader          - Loading from cache: /assets/textures/player2.gif
13:48:48.318 [JavaFX Application Thread] DEBUG AssetLoader          - Loading from cache: /assets/textures/player2.gif
13:48:48.333 [JavaFX Application Thread] DEBUG AssetLoader          - Loading from cache: /assets/textures/player2.gif
13:48:48.350 [JavaFX Application Thread] DEBUG AssetLoader          - Loading from cache: /assets/textures/player2.gif
13:48:48.366 [JavaFX Application Thread] DEBUG AssetLoader          - Loading from cache: /assets/textures/player2.gif
13:48:48.381 [JavaFX Application Thread] DEBUG AssetLoader          - Loading from cache: /assets/textures/player2.gif
13:48:48.398 [JavaFX Application Thread] DEBUG AssetLoader          - Loading from cache: /assets/textures/player2.gif
13:48:48.414 [JavaFX Application Thread] DEBUG AssetLoader          - Loading from cache: /assets/textures/player2.gif
13:48:48.431 [JavaFX Application Thread] DEBUG AssetLoader          - Loading from cache: /assets/textures/player2.gif
13:48:48.461 [JavaFX Application Thread] DEBUG AssetLoader          - Loading from cache: /assets/textures/player2.gif
13:48:48.477 [JavaFX Application Thread] DEBUG AssetLoader          - Loading from cache: /assets/textures/player2.gif
13:48:48.493 [JavaFX Application Thread] DEBUG AssetLoader          - Loading from cache: /assets/textures/player2.gif
13:48:48.509 [JavaFX Application Thread] DEBUG AssetLoader          - Loading from cache: /assets/textures/player2.gif
13:48:48.525 [JavaFX Application Thread] DEBUG AssetLoader          - Loading from cache: /assets/textures/player2.gif
13:48:48.541 [JavaFX Application Thread] DEBUG AssetLoader          - Loading from cache: /assets/textures/player2.gif
13:48:48.557 [JavaFX Application Thread] DEBUG AssetLoader          - Loading from cache: /assets/textures/player2.gif
13:48:48.573 [JavaFX Application Thread] DEBUG AssetLoader          - Loading from cache: /assets/textures/player2.gif
13:48:48.589 [JavaFX Application Thread] DEBUG AssetLoader          - Loading from cache: /assets/textures/player2.gif
13:48:48.605 [JavaFX Application Thread] DEBUG AssetLoader          - Loading from cache: /assets/textures/player2.gif
13:48:48.622 [JavaFX Application Thread] DEBUG AssetLoader          - Loading from cache: /assets/textures/player2.gif
13:48:48.638 [JavaFX Application Thread] DEBUG AssetLoader          - Loading from cache: /assets/textures/player2.gif
13:48:48.653 [JavaFX Application Thread] DEBUG AssetLoader          - Loading from cache: /assets/textures/player2.gif
13:48:48.669 [JavaFX Application Thread] DEBUG AssetLoader          - Loading from cache: /assets/textures/player2.gif
13:48:48.685 [JavaFX Application Thread] DEBUG AssetLoader          - Loading from cache: /assets/textures/player2.gif
13:48:48.702 [JavaFX Application Thread] DEBUG AssetLoader          - Loading from cache: /assets/textures/player2.gif
13:48:48.718 [JavaFX Application Thread] DEBUG AssetLoader          - Loading from cache: /assets/textures/player2.gif
13:48:48.813 [JavaFX Application Thread] DEBUG AssetLoader          - Loading from cache: /assets/textures/player2.gif
13:48:48.830 [JavaFX Application Thread] DEBUG AssetLoader          - Loading from cache: /assets/textures/player2.gif
13:48:48.846 [JavaFX Application Thread] DEBUG AssetLoader          - Loading from cache: /assets/textures/player2.gif
13:48:48.861 [JavaFX Application Thread] DEBUG AssetLoader          - Loading from cache: /assets/textures/player2.gif
13:48:48.877 [JavaFX Application Thread] DEBUG AssetLoader          - Loading from cache: /assets/textures/player2.gif
13:48:48.893 [JavaFX Application Thread] DEBUG AssetLoader          - Loading from cache: /assets/textures/player2.gif
13:48:48.910 [JavaFX Application Thread] DEBUG AssetLoader          - Loading from cache: /assets/textures/player2.gif
13:48:48.926 [JavaFX Application Thread] DEBUG AssetLoader          - Loading from cache: /assets/textures/player2.gif
13:48:48.942 [JavaFX Application Thread] DEBUG AssetLoader          - Loading from cache: /assets/textures/player2.gif
13:48:48.958 [JavaFX Application Thread] DEBUG AssetLoader          - Loading from cache: /assets/textures/player2.gif
13:48:48.974 [JavaFX Application Thread] DEBUG AssetLoader          - Loading from cache: /assets/textures/player2.gif
13:48:48.989 [JavaFX Application Thread] DEBUG AssetLoader          - Loading from cache: /assets/textures/player2.gif
13:48:49.006 [JavaFX Application Thread] DEBUG AssetLoader          - Loading from cache: /assets/textures/player2.gif
13:48:49.021 [JavaFX Application Thread] DEBUG AssetLoader          - Loading from cache: /assets/textures/player2.gif
13:48:49.038 [JavaFX Application Thread] DEBUG AssetLoader          - Loading from cache: /assets/textures/player2.gif
13:48:49.053 [JavaFX Application Thread] DEBUG AssetLoader          - Loading from cache: /assets/textures/player2.gif
13:48:49.069 [JavaFX Application Thread] DEBUG AssetLoader          - Loading from cache: /assets/textures/player2.gif
13:48:49.085 [JavaFX Application Thread] DEBUG AssetLoader          - Loading from cache: /assets/textures/player2.gif
13:48:49.101 [JavaFX Application Thread] DEBUG AssetLoader          - Loading from cache: /assets/textures/player2.gif
13:48:49.118 [JavaFX Application Thread] DEBUG AssetLoader          - Loading from cache: /assets/textures/player2.gif
13:48:49.134 [JavaFX Application Thread] DEBUG AssetLoader          - Loading from cache: /assets/textures/player2.gif
13:48:49.149 [JavaFX Application Thread] DEBUG AssetLoader          - Loading from cache: /assets/textures/player2.gif
13:48:49.165 [JavaFX Application Thread] DEBUG AssetLoader          - Loading from cache: /assets/textures/player2.gif
13:48:49.181 [JavaFX Application Thread] DEBUG AssetLoader          - Loading from cache: /assets/textures/player2.gif
13:48:49.198 [JavaFX Application Thread] DEBUG AssetLoader          - Loading from cache: /assets/textures/player2.gif
13:48:49.214 [JavaFX Application Thread] DEBUG AssetLoader          - Loading from cache: /assets/textures/player2.gif
13:48:49.230 [JavaFX Application Thread] DEBUG AssetLoader          - Loading from cache: /assets/textures/player2.gif
13:48:49.262 [JavaFX Application Thread] DEBUG AssetLoader          - Loading from cache: /assets/textures/player2.gif
13:48:49.277 [JavaFX Application Thread] DEBUG AssetLoader          - Loading from cache: /assets/textures/player2.gif
13:48:49.293 [JavaFX Application Thread] DEBUG AssetLoader          - Loading from cache: /assets/textures/player2.gif
13:48:49.309 [JavaFX Application Thread] DEBUG AssetLoader          - Loading from cache: /assets/textures/player2.gif
13:48:49.326 [JavaFX Application Thread] DEBUG AssetLoader          - Loading from cache: /assets/textures/player2.gif
13:48:49.341 [JavaFX Application Thread] DEBUG AssetLoader          - Loading from cache: /assets/textures/player2.gif
13:48:49.357 [JavaFX Application Thread] DEBUG AssetLoader          - Loading from cache: /assets/textures/player2.gif
13:48:49.373 [JavaFX Application Thread] DEBUG AssetLoader          - Loading from cache: /assets/textures/player2.gif
13:48:49.389 [JavaFX Application Thread] DEBUG AssetLoader          - Loading from cache: /assets/textures/player2.gif
13:48:49.405 [JavaFX Application Thread] DEBUG AssetLoader          - Loading from cache: /assets/textures/player2.gif
13:48:49.421 [JavaFX Application Thread] DEBUG AssetLoader          - Loading from cache: /assets/textures/player2.gif
13:48:49.437 [JavaFX Application Thread] DEBUG AssetLoader          - Loading from cache: /assets/textures/player2.gif
13:48:49.453 [JavaFX Application Thread] DEBUG AssetLoader          - Loading from cache: /assets/textures/player2.gif
13:48:49.469 [JavaFX Application Thread] DEBUG AssetLoader          - Loading from cache: /assets/textures/player2.gif
13:48:49.485 [JavaFX Application Thread] DEBUG AssetLoader          - Loading from cache: /assets/textures/player2.gif
13:48:49.501 [JavaFX Application Thread] DEBUG AssetLoader          - Loading from cache: /assets/textures/player2.gif
13:48:49.517 [JavaFX Application Thread] DEBUG AssetLoader          - Loading from cache: /assets/textures/player2.gif
13:48:49.533 [JavaFX Application Thread] DEBUG AssetLoader          - Loading from cache: /assets/textures/player2.gif
13:48:49.549 [JavaFX Application Thread] DEBUG AssetLoader          - Loading from cache: /assets/textures/player2.gif
13:48:49.566 [JavaFX Application Thread] DEBUG AssetLoader          - Loading from cache: /assets/textures/player2.gif
13:48:49.582 [JavaFX Application Thread] DEBUG AssetLoader          - Loading from cache: /assets/textures/player2.gif
13:48:49.597 [JavaFX Application Thread] DEBUG AssetLoader          - Loading from cache: /assets/textures/player2.gif
13:48:49.614 [JavaFX Application Thread] DEBUG AssetLoader          - Loading from cache: /assets/textures/player2.gif
13:48:49.646 [JavaFX Application Thread] DEBUG AssetLoader          - Loading from cache: /assets/textures/player2.gif
13:48:49.662 [JavaFX Application Thread] DEBUG AssetLoader          - Loading from cache: /assets/textures/player2.gif
13:48:49.677 [JavaFX Application Thread] DEBUG AssetLoader          - Loading from cache: /assets/textures/player2.gif
13:48:49.693 [JavaFX Application Thread] DEBUG AssetLoader          - Loading from cache: /assets/textures/player2.gif
13:48:49.709 [JavaFX Application Thread] DEBUG AssetLoader          - Loading from cache: /assets/textures/player2.gif
13:48:49.726 [JavaFX Application Thread] DEBUG AssetLoader          - Loading from cache: /assets/textures/player2.gif
13:48:49.741 [JavaFX Application Thread] DEBUG AssetLoader          - Loading from cache: /assets/textures/player2.gif
13:48:49.757 [JavaFX Application Thread] DEBUG AssetLoader          - Loading from cache: /assets/textures/player2.gif
13:48:49.773 [JavaFX Application Thread] DEBUG AssetLoader          - Loading from cache: /assets/textures/player2.gif
13:48:49.789 [JavaFX Application Thread] DEBUG AssetLoader          - Loading from cache: /assets/textures/player2.gif
13:48:49.805 [JavaFX Application Thread] DEBUG AssetLoader          - Loading from cache: /assets/textures/player2.gif
13:48:49.821 [JavaFX Application Thread] DEBUG AssetLoader          - Loading from cache: /assets/textures/player2.gif
13:48:49.837 [JavaFX Application Thread] DEBUG AssetLoader          - Loading from cache: /assets/textures/player2.gif
13:48:49.853 [JavaFX Application Thread] DEBUG AssetLoader          - Loading from cache: /assets/textures/player2.gif
13:48:49.869 [JavaFX Application Thread] DEBUG AssetLoader          - Loading from cache: /assets/textures/player2.gif
13:48:49.885 [JavaFX Application Thread] DEBUG AssetLoader          - Loading from cache: /assets/textures/player2.gif
13:48:49.933 [JavaFX Application Thread] DEBUG AssetLoader          - Loading from cache: /assets/textures/player2.gif
13:48:49.949 [JavaFX Application Thread] DEBUG AssetLoader          - Loading from cache: /assets/textures/player2.gif
13:48:49.965 [JavaFX Application Thread] DEBUG AssetLoader          - Loading from cache: /assets/textures/player2.gif
13:48:49.981 [JavaFX Application Thread] DEBUG AssetLoader          - Loading from cache: /assets/textures/player2.gif
13:48:49.998 [JavaFX Application Thread] DEBUG AssetLoader          - Loading from cache: /assets/textures/player2.gif
13:48:50.014 [JavaFX Application Thread] DEBUG AssetLoader          - Loading from cache: /assets/textures/player2.gif
13:48:50.031 [JavaFX Application Thread] DEBUG AssetLoader          - Loading from cache: /assets/textures/player2.gif
13:48:50.063 [JavaFX Application Thread] DEBUG AssetLoader          - Loading from cache: /assets/textures/player2.gif
13:48:50.077 [JavaFX Application Thread] DEBUG AssetLoader          - Loading from cache: /assets/textures/player2.gif
13:48:50.093 [JavaFX Application Thread] DEBUG AssetLoader          - Loading from cache: /assets/textures/player2.gif
13:48:50.109 [JavaFX Application Thread] DEBUG AssetLoader          - Loading from cache: /assets/textures/player2.gif
13:48:50.125 [JavaFX Application Thread] DEBUG AssetLoader          - Loading from cache: /assets/textures/player2.gif
13:48:50.141 [JavaFX Application Thread] DEBUG AssetLoader          - Loading from cache: /assets/textures/player2.gif
13:48:50.157 [JavaFX Application Thread] DEBUG AssetLoader          - Loading from cache: /assets/textures/player2.gif
13:48:50.173 [JavaFX Application Thread] DEBUG AssetLoader          - Loading from cache: /assets/textures/player2.gif
13:48:50.189 [JavaFX Application Thread] DEBUG AssetLoader          - Loading from cache: /assets/textures/player2.gif
13:48:50.205 [JavaFX Application Thread] DEBUG AssetLoader          - Loading from cache: /assets/textures/player2.gif
13:48:50.221 [JavaFX Application Thread] DEBUG AssetLoader          - Loading from cache: /assets/textures/player2.gif
13:48:50.238 [JavaFX Application Thread] DEBUG AssetLoader          - Loading from cache: /assets/textures/player2.gif
13:48:50.253 [JavaFX Application Thread] DEBUG AssetLoader          - Loading from cache: /assets/textures/player2.gif
13:48:50.270 [JavaFX Application Thread] DEBUG AssetLoader          - Loading from cache: /assets/textures/player2.gif
13:48:50.285 [JavaFX Application Thread] DEBUG AssetLoader          - Loading from cache: /assets/textures/player2.gif
13:48:50.301 [JavaFX Application Thread] DEBUG AssetLoader          - Loading from cache: /assets/textures/player2.gif
13:48:50.317 [JavaFX Application Thread] DEBUG AssetLoader          - Loading from cache: /assets/textures/player2.gif
13:48:50.334 [JavaFX Application Thread] DEBUG AssetLoader          - Loading from cache: /assets/textures/player2.gif
13:48:50.350 [JavaFX Application Thread] DEBUG AssetLoader          - Loading from cache: /assets/textures/player2.gif
13:48:50.365 [JavaFX Application Thread] DEBUG AssetLoader          - Loading from cache: /assets/textures/player2.gif
13:48:50.381 [JavaFX Application Thread] DEBUG AssetLoader          - Loading from cache: /assets/textures/player2.gif
13:48:50.397 [JavaFX Application Thread] DEBUG AssetLoader          - Loading from cache: /assets/textures/player2.gif
13:48:50.414 [JavaFX Application Thread] DEBUG AssetLoader          - Loading from cache: /assets/textures/player2.gif
13:48:50.445 [JavaFX Application Thread] DEBUG AssetLoader          - Loading from cache: /assets/textures/player2.gif
13:48:50.461 [JavaFX Application Thread] DEBUG AssetLoader          - Loading from cache: /assets/textures/player2.gif
13:48:50.477 [JavaFX Application Thread] DEBUG AssetLoader          - Loading from cache: /assets/textures/player2.gif
13:48:50.493 [JavaFX Application Thread] DEBUG AssetLoader          - Loading from cache: /assets/textures/player2.gif
13:48:50.509 [JavaFX Application Thread] DEBUG AssetLoader          - Loading from cache: /assets/textures/player2.gif
13:48:50.525 [JavaFX Application Thread] DEBUG AssetLoader          - Loading from cache: /assets/textures/player2.gif
13:48:50.541 [JavaFX Application Thread] DEBUG AssetLoader          - Loading from cache: /assets/textures/player2.gif
13:48:50.557 [JavaFX Application Thread] DEBUG AssetLoader          - Loading from cache: /assets/textures/player2.gif
13:48:50.573 [JavaFX Application Thread] DEBUG AssetLoader          - Loading from cache: /assets/textures/player2.gif
13:48:50.589 [JavaFX Application Thread] DEBUG AssetLoader          - Loading from cache: /assets/textures/player2.gif
13:48:50.605 [JavaFX Application Thread] DEBUG AssetLoader          - Loading from cache: /assets/textures/player2.gif
13:48:50.621 [JavaFX Application Thread] DEBUG AssetLoader          - Loading from cache: /assets/textures/player2.gif
13:48:50.637 [JavaFX Application Thread] DEBUG AssetLoader          - Loading from cache: /assets/textures/player2.gif
13:48:50.653 [JavaFX Application Thread] DEBUG AssetLoader          - Loading from cache: /assets/textures/player2.gif
13:48:50.669 [JavaFX Application Thread] DEBUG AssetLoader          - Loading from cache: /assets/textures/player2.gif
13:48:50.685 [JavaFX Application Thread] DEBUG AssetLoader          - Loading from cache: /assets/textures/player2.gif
13:48:50.701 [JavaFX Application Thread] DEBUG AssetLoader          - Loading from cache: /assets/textures/player2.gif
13:48:50.718 [JavaFX Application Thread] DEBUG AssetLoader          - Loading from cache: /assets/textures/player2.gif
13:48:50.733 [JavaFX Application Thread] DEBUG AssetLoader          - Loading from cache: /assets/textures/player2.gif
13:48:50.750 [JavaFX Application Thread] DEBUG AssetLoader          - Loading from cache: /assets/textures/player2.gif
13:48:50.765 [JavaFX Application Thread] DEBUG AssetLoader          - Loading from cache: /assets/textures/player2.gif
13:48:50.781 [JavaFX Application Thread] DEBUG AssetLoader          - Loading from cache: /assets/textures/player2.gif
13:48:50.797 [JavaFX Application Thread] DEBUG AssetLoader          - Loading from cache: /assets/textures/player2.gif
13:48:50.829 [JavaFX Application Thread] DEBUG AssetLoader          - Loading from cache: /assets/textures/player2.gif
13:48:50.845 [JavaFX Application Thread] DEBUG AssetLoader          - Loading from cache: /assets/textures/player2.gif
13:48:50.862 [JavaFX Application Thread] DEBUG AssetLoader          - Loading from cache: /assets/textures/player2.gif
13:48:50.877 [JavaFX Application Thread] DEBUG AssetLoader          - Loading from cache: /assets/textures/player2.gif
13:48:50.894 [JavaFX Application Thread] DEBUG AssetLoader          - Loading from cache: /assets/textures/player2.gif
13:48:50.909 [JavaFX Application Thread] DEBUG AssetLoader          - Loading from cache: /assets/textures/player2.gif
13:48:50.925 [JavaFX Application Thread] DEBUG AssetLoader          - Loading from cache: /assets/textures/player2.gif
13:48:50.942 [JavaFX Application Thread] DEBUG AssetLoader          - Loading from cache: /assets/textures/player2.gif
13:48:50.958 [JavaFX Application Thread] DEBUG AssetLoader          - Loading from cache: /assets/textures/player2.gif
13:48:50.973 [JavaFX Application Thread] DEBUG AssetLoader          - Loading from cache: /assets/textures/player2.gif
13:48:50.989 [JavaFX Application Thread] DEBUG AssetLoader          - Loading from cache: /assets/textures/player2.gif
13:48:51.005 [JavaFX Application Thread] DEBUG AssetLoader          - Loading from cache: /assets/textures/player2.gif
13:48:51.021 [JavaFX Application Thread] DEBUG AssetLoader          - Loading from cache: /assets/textures/player2.gif
13:48:51.037 [JavaFX Application Thread] DEBUG AssetLoader          - Loading from cache: /assets/textures/player2.gif
13:48:51.054 [JavaFX Application Thread] DEBUG AssetLoader          - Loading from cache: /assets/textures/player2.gif
13:48:51.069 [JavaFX Application Thread] DEBUG AssetLoader          - Loading from cache: /assets/textures/player2.gif
13:48:51.085 [JavaFX Application Thread] DEBUG AssetLoader          - Loading from cache: /assets/textures/player2.gif
13:48:51.101 [JavaFX Application Thread] DEBUG AssetLoader          - Loading from cache: /assets/textures/player2.gif
13:48:51.118 [JavaFX Application Thread] DEBUG AssetLoader          - Loading from cache: /assets/textures/player2.gif
13:48:51.133 [JavaFX Application Thread] DEBUG AssetLoader          - Loading from cache: /assets/textures/player2.gif
13:48:51.149 [JavaFX Application Thread] DEBUG AssetLoader          - Loading from cache: /assets/textures/player2.gif
13:48:51.165 [JavaFX Application Thread] DEBUG AssetLoader          - Loading from cache: /assets/textures/player2.gif
13:48:51.182 [JavaFX Application Thread] DEBUG AssetLoader          - Loading from cache: /assets/textures/player2.gif
13:48:51.197 [JavaFX Application Thread] DEBUG AssetLoader          - Loading from cache: /assets/textures/player2.gif
13:48:51.214 [JavaFX Application Thread] DEBUG AssetLoader          - Loading from cache: /assets/textures/player2.gif
13:48:51.230 [JavaFX Application Thread] DEBUG AssetLoader          - Loading from cache: /assets/textures/player2.gif
13:48:51.263 [JavaFX Application Thread] DEBUG AssetLoader          - Loading from cache: /assets/textures/player2.gif
13:48:51.277 [JavaFX Application Thread] DEBUG AssetLoader          - Loading from cache: /assets/textures/player2.gif
13:48:51.293 [JavaFX Application Thread] DEBUG AssetLoader          - Loading from cache: /assets/textures/player2.gif
13:48:51.309 [JavaFX Application Thread] DEBUG AssetLoader          - Loading from cache: /assets/textures/player2.gif
13:48:51.325 [JavaFX Application Thread] DEBUG AssetLoader          - Loading from cache: /assets/textures/player2.gif
13:48:51.342 [JavaFX Application Thread] DEBUG AssetLoader          - Loading from cache: /assets/textures/player2.gif
13:48:51.358 [JavaFX Application Thread] DEBUG AssetLoader          - Loading from cache: /assets/textures/player2.gif
13:48:51.373 [JavaFX Application Thread] DEBUG AssetLoader          - Loading from cache: /assets/textures/player2.gif
13:48:51.390 [JavaFX Application Thread] DEBUG AssetLoader          - Loading from cache: /assets/textures/player2.gif
13:48:51.405 [JavaFX Application Thread] DEBUG AssetLoader          - Loading from cache: /assets/textures/player2.gif
13:48:51.422 [JavaFX Application Thread] DEBUG AssetLoader          - Loading from cache: /assets/textures/player2.gif
13:48:51.438 [JavaFX Application Thread] DEBUG AssetLoader          - Loading from cache: /assets/textures/player2.gif
13:48:51.454 [JavaFX Application Thread] DEBUG AssetLoader          - Loading from cache: /assets/textures/player2.gif
13:48:51.469 [JavaFX Application Thread] DEBUG AssetLoader          - Loading from cache: /assets/textures/player2.gif
13:48:51.485 [JavaFX Application Thread] DEBUG AssetLoader          - Loading from cache: /assets/textures/player2.gif
13:48:51.501 [JavaFX Application Thread] DEBUG AssetLoader          - Loading from cache: /assets/textures/player2.gif
13:48:51.517 [JavaFX Application Thread] DEBUG AssetLoader          - Loading from cache: /assets/textures/player2.gif
13:48:51.533 [JavaFX Application Thread] DEBUG AssetLoader          - Loading from cache: /assets/textures/player2.gif
13:48:51.550 [JavaFX Application Thread] DEBUG AssetLoader          - Loading from cache: /assets/textures/player2.gif
13:48:51.566 [JavaFX Application Thread] DEBUG AssetLoader          - Loading from cache: /assets/textures/player2.gif
13:48:51.582 [JavaFX Application Thread] DEBUG AssetLoader          - Loading from cache: /assets/textures/player2.gif
13:48:51.598 [JavaFX Application Thread] DEBUG AssetLoader          - Loading from cache: /assets/textures/player2.gif
13:48:51.615 [JavaFX Application Thread] DEBUG AssetLoader          - Loading from cache: /assets/textures/player2.gif
13:48:51.629 [JavaFX Application Thread] DEBUG AssetLoader          - Loading from cache: /assets/textures/player2.gif
13:48:51.661 [JavaFX Application Thread] DEBUG AssetLoader          - Loading from cache: /assets/textures/player2.gif
13:48:51.677 [JavaFX Application Thread] DEBUG AssetLoader          - Loading from cache: /assets/textures/player2.gif
13:48:51.693 [JavaFX Application Thread] DEBUG AssetLoader          - Loading from cache: /assets/textures/player2.gif
13:48:51.710 [JavaFX Application Thread] DEBUG AssetLoader          - Loading from cache: /assets/textures/player2.gif
13:48:51.726 [JavaFX Application Thread] DEBUG AssetLoader          - Loading from cache: /assets/textures/player2.gif
13:48:51.742 [JavaFX Application Thread] DEBUG AssetLoader          - Loading from cache: /assets/textures/player2.gif
13:48:51.757 [JavaFX Application Thread] DEBUG AssetLoader          - Loading from cache: /assets/textures/player2.gif
13:48:51.774 [JavaFX Application Thread] DEBUG AssetLoader          - Loading from cache: /assets/textures/player2.gif
13:48:51.789 [JavaFX Application Thread] DEBUG AssetLoader          - Loading from cache: /assets/textures/player2.gif
13:48:51.805 [JavaFX Application Thread] DEBUG AssetLoader          - Loading from cache: /assets/textures/player2.gif
13:48:51.821 [JavaFX Application Thread] DEBUG AssetLoader          - Loading from cache: /assets/textures/player2.gif
13:48:51.837 [JavaFX Application Thread] DEBUG AssetLoader          - Loading from cache: /assets/textures/player2.gif
13:48:51.853 [JavaFX Application Thread] DEBUG AssetLoader          - Loading from cache: /assets/textures/player2.gif
13:48:51.869 [JavaFX Application Thread] DEBUG AssetLoader          - Loading from cache: /assets/textures/player2.gif
13:48:51.885 [JavaFX Application Thread] DEBUG AssetLoader          - Loading from cache: /assets/textures/player2.gif
13:48:51.901 [JavaFX Application Thread] DEBUG AssetLoader          - Loading from cache: /assets/textures/player2.gif
13:48:51.913 [JavaFX Application Thread] DEBUG AssetLoader          - Loading from cache: /assets/textures/player2_still.png
13:48:54.244 [JavaFX Application Thread] DEBUG MainWindow           - Push state: DialogSubState
13:48:54.244 [JavaFX Application Thread] DEBUG Input                - Clearing active input actions
13:48:54.244 [JavaFX Application Thread] DEBUG MainWindow           - GameScene -> DialogSubState
13:48:54.256 [JavaFX Application Thread] DEBUG Engine               - Removing overlay from GameScene and adding to DialogSubState
13:48:56.997 [JavaFX Application Thread] DEBUG MainWindow           - Pop state: DialogSubState
13:48:56.997 [JavaFX Application Thread] DEBUG Input                - Clearing active input actions
13:48:56.998 [JavaFX Application Thread] DEBUG Engine               - Removing overlay from DialogSubState and adding to GameScene
13:48:56.998 [JavaFX Application Thread] DEBUG MainWindow           - GameScene <- DialogSubState
13:48:56.998 [JavaFX Application Thread] DEBUG Engine               - Exiting FXGL
13:48:56.998 [JavaFX Application Thread] DEBUG Engine               - Shutting down background threads
13:48:56.998 [JavaFX Application Thread] DEBUG Engine               - Saving FXGL system data
13:48:57.003 [JavaFX Application Thread] DEBUG MobileFSService      - Writing to: E:\JavaFX\Shovon\javagame2-1\javafx-workshop\system\fxgl.bundle
13:48:57.006 [JavaFX Application Thread] DEBUG Engine               - Closing logger and exiting JavaFX
