06:42:52.524 [main                     ] DEBUG GameApplication      - Logger initialized
06:42:52.664 [main                     ] DEBUG GameApplication      - Logging settings
Title: Coin Run
Version: 0.0
Width: 1200
Height: 700
Fullscreen: false
Intro: false
Menus: false
Profiling: false
Single step:false
App Mode: DEVELOPER
Menu Key: ESCAPE
Stage Style: DECORATED
Scene Factory: class com.almasb.fxgl.app.SceneFactory
Dialog Factory: class com.almasb.fxgl.ui.FXGLDialogFactory
UI Factory: class com.almasb.fxgl.ui.FXGLUIFactory

06:43:02.042 [JavaFX Application Thread] DEBUG Engine               - Initializing FXGL
06:43:02.082 [JavaFX Application Thread] INFO  Engine               - FXGL-11.2-beta on DESKTOP
06:43:02.083 [JavaFX Application Thread] INFO  Engine               - Source code and latest versions at: https://github.com/AlmasB/FXGL
06:43:02.083 [JavaFX Application Thread] INFO  Engine               -              Join the FXGL chat at: https://gitter.im/AlmasB/FXGL
06:43:02.098 [JavaFX Application Thread] DEBUG Engine               - Adding new engine service: class com.almasb.fxgl.audio.AudioPlayer
06:43:02.102 [JavaFX Application Thread] DEBUG Engine               - Adding new engine service: class com.almasb.fxgl.notification.impl.NotificationServiceProvider
06:43:02.105 [JavaFX Application Thread] DEBUG Engine               - Adding new engine service: class com.almasb.fxgl.achievement.AchievementManager
06:43:02.132 [JavaFX Application Thread] DEBUG Engine               - Adding new engine service: class com.almasb.fxgl.dev.DevService
06:43:02.251 [JavaFX Application Thread] DEBUG SaveLoadManager      - Checking profiles dir: profiles/
06:43:02.259 [JavaFX Application Thread] DEBUG FS                   - Loaded MobileFSService
06:43:02.260 [JavaFX Application Thread] DEBUG Engine               - Loading localizations
06:43:02.317 [JavaFX Application Thread] DEBUG AssetLoader          - Loading from disk: /assets/properties/languages/english.properties
06:43:02.339 [JavaFX Application Thread] DEBUG AssetLoader          - Loading from disk: /assets/properties/languages/french.properties
06:43:02.386 [JavaFX Application Thread] DEBUG AssetLoader          - Loading from disk: /assets/properties/languages/german.properties
06:43:02.391 [JavaFX Application Thread] DEBUG AssetLoader          - Loading from disk: /assets/properties/languages/russian.properties
06:43:02.398 [JavaFX Application Thread] DEBUG AssetLoader          - Loading from disk: /assets/properties/languages/hungarian.properties
06:43:02.409 [JavaFX Application Thread] DEBUG Engine               - Registering font factories
06:43:02.411 [JavaFX Application Thread] DEBUG AssetLoader          - Loading from disk: /assets/ui/fonts/VarelaRound-Regular.ttf
06:43:03.120 [JavaFX Application Thread] DEBUG AssetLoader          - Loading from disk: /assets/ui/fonts/Abel-Regular.ttf
06:43:03.133 [JavaFX Application Thread] DEBUG AssetLoader          - Loading from disk: /assets/ui/fonts/lucida_console.ttf
06:43:03.183 [JavaFX Application Thread] DEBUG AssetLoader          - Loading from disk: /assets/ui/fonts/Courier-Prime.ttf
06:43:03.222 [JavaFX Application Thread] DEBUG Engine               - Setting UI factory
06:43:04.768 [JavaFX Application Thread] DEBUG AssetLoader          - Loading from disk: /assets/ui/cursors/fxgl_default.png
06:43:07.783 [JavaFX Application Thread] DEBUG MainWindow           - Creating a JavaFX scene
06:43:08.520 [JavaFX Application Thread] DEBUG MainWindow           - Target settings size: 1200.0 x 700.0
06:43:08.521 [JavaFX Application Thread] DEBUG MainWindow           - Scaled scene size:    1200.0 x 700.0
06:43:08.521 [JavaFX Application Thread] DEBUG MainWindow           - Scaled ratio: (1.0, 1.0)
06:43:08.524 [JavaFX Application Thread] DEBUG AssetLoader          - Loading from disk: /assets/ui/css/fxgl_dark.css
06:43:08.529 [JavaFX Application Thread] DEBUG Input                - Clearing active input actions
06:43:08.529 [JavaFX Application Thread] DEBUG MainWindow           - StartupScene -> StartupScene
06:43:08.597 [JavaFX Application Thread] DEBUG AssetLoader          - Loading from disk: /assets/textures/fxgl_icon.png
06:43:08.692 [JavaFX Application Thread] DEBUG MainWindow           - Opening main window
06:43:10.642 [JavaFX Application Thread] DEBUG MainWindow           - Window border size: (16.0, 39.0)
06:43:10.643 [JavaFX Application Thread] DEBUG MainWindow           - Scaled size: 1200.0 x 700.0
06:43:10.643 [JavaFX Application Thread] DEBUG MainWindow           - Scaled ratio: (1.0, 1.0)
06:43:10.644 [JavaFX Application Thread] DEBUG MainWindow           - Scene size: 1200.0 x 700.0
06:43:10.645 [JavaFX Application Thread] DEBUG MainWindow           - Stage size: 1216.0 x 739.0
06:43:10.752 [FXGL Background Thread 1 ] DEBUG Engine               - Loading FXGL system data
06:43:10.873 [FXGL Background Thread 1 ] DEBUG MobileFSService      - Reading from: C:\Users\Unique-Pc\IdeaProjects\javafx-workshop\system\fxgl.bundle
06:43:11.015 [FXGL Background Thread 1 ] DEBUG Engine               - Bundle FXGL: {}
06:43:11.016 [FXGL Background Thread 1 ] DEBUG Engine               - Initializing application scenes
06:43:11.044 [FXGL Background Thread 1 ] DEBUG AssetLoader          - Loading from disk: /assets/ui/cursors/fxgl_default.png
06:43:11.219 [FXGL Background Thread 1 ] DEBUG GameWorld            - Game world initialized
06:43:12.499 [FXGL Background Thread 1 ] DEBUG PhysicsWorld         - Physics world initialized: appHeight=700, physics.ppm=50.0
06:43:12.508 [FXGL Background Thread 1 ] DEBUG AssetLoader          - Loading from disk: /assets/ui/cursors/fxgl_default.png
06:43:12.531 [FXGL Background Thread 1 ] DEBUG GameScene            - Game scene initialized: 1200x700
06:43:12.799 [FXGL Background Thread 1 ] DEBUG Input                - Registered new binding: Pause - Esc
06:43:12.800 [FXGL Background Thread 1 ] DEBUG Engine               - Application scenes initialized
06:43:13.405 [JavaFX Application Thread] DEBUG Engine               - Running preInit()
06:43:13.409 [JavaFX Application Thread] DEBUG Input                - Registered new binding: Go right - Right
06:43:13.411 [JavaFX Application Thread] DEBUG Input                - Registered new binding: Go left - Left
06:43:13.412 [JavaFX Application Thread] DEBUG Input                - Registered new binding: Jump - Space
06:43:13.417 [JavaFX Application Thread] DEBUG Input                - Registered new binding: Screenshot - P
06:43:13.420 [JavaFX Application Thread] DEBUG Input                - Registered new binding: Dev Options - 1
06:43:13.422 [JavaFX Application Thread] DEBUG Input                - Registered new binding: System info dump - CTRL+9
06:43:13.425 [JavaFX Application Thread] DEBUG Input                - Registered new binding: Restart - CTRL+R
06:43:13.425 [JavaFX Application Thread] DEBUG Engine               - generateDefaultProfile()
06:43:13.426 [JavaFX Application Thread] DEBUG Engine               - Creating default profile
06:43:13.428 [JavaFX Application Thread] DEBUG EventBus             - Firing event: SaveEvent
06:43:13.485 [JavaFX Application Thread] DEBUG Engine               - Logging environment variables
06:43:13.486 [JavaFX Application Thread] DEBUG Engine               - achievementStores: []
06:43:13.486 [JavaFX Application Thread] DEBUG Engine               - cSS: fxgl_dark.css
06:43:13.487 [JavaFX Application Thread] DEBUG Engine               - language: ObjectProperty [value: ENGLISH]
06:43:13.487 [JavaFX Application Thread] DEBUG Engine               - isCloseConfirmation: false
06:43:13.487 [JavaFX Application Thread] DEBUG Engine               - isProfilingEnabled: false
06:43:13.487 [JavaFX Application Thread] DEBUG Engine               - soundNotification: core/notification.wav
06:43:13.488 [JavaFX Application Thread] DEBUG Engine               - pixelsPerMeter: 50.0
06:43:13.488 [JavaFX Application Thread] DEBUG Engine               - overlayRoot: Group@142fcbfb
06:43:13.489 [JavaFX Application Thread] DEBUG Engine               - appIcon: fxgl_icon.png
06:43:13.489 [JavaFX Application Thread] DEBUG Engine               - soundMenuBack: menu/back.wav
06:43:13.489 [JavaFX Application Thread] DEBUG Engine               - isFullScreenAllowed: false
06:43:13.489 [JavaFX Application Thread] DEBUG Engine               - isIntroEnabled: false
06:43:13.490 [JavaFX Application Thread] DEBUG Engine               - fontMono: lucida_console.ttf
06:43:13.490 [JavaFX Application Thread] DEBUG Engine               - soundMenuSelect: menu/select.wav
06:43:13.490 [JavaFX Application Thread] DEBUG Engine               - height: 700
06:43:13.491 [JavaFX Application Thread] DEBUG Engine               - isSingleStep: false
06:43:13.491 [JavaFX Application Thread] DEBUG Engine               - fontGame: Abel-Regular.ttf
06:43:13.492 [JavaFX Application Thread] DEBUG Engine               - menuKey: ESCAPE
06:43:13.493 [JavaFX Application Thread] DEBUG Engine               - versionCheckDays: 7
06:43:13.494 [JavaFX Application Thread] DEBUG Engine               - masterTimer: com.almasb.fxgl.time.Timer@72588b03
06:43:13.494 [JavaFX Application Thread] DEBUG Engine               - configClass: Optional.empty
06:43:13.494 [JavaFX Application Thread] DEBUG Engine               - version: 0.0
06:43:13.494 [JavaFX Application Thread] DEBUG Engine               - fullScreen: BooleanProperty [value: false]
06:43:13.494 [JavaFX Application Thread] DEBUG Engine               - dialogFactory: com.almasb.fxgl.ui.FXGLDialogFactory@61ada49a
06:43:13.495 [JavaFX Application Thread] DEBUG Engine               - applicationMode: DEVELOPER
06:43:13.495 [JavaFX Application Thread] DEBUG Engine               - urlGoogleForms: https://goo.gl/forms/6wrMnOBxTE1fEpOy2
06:43:13.495 [JavaFX Application Thread] DEBUG Engine               - isMenuEnabled: false
06:43:13.495 [JavaFX Application Thread] DEBUG Engine               - urlPOM: https://raw.githubusercontent.com/AlmasB/FXGL/master/pom.xml
06:43:13.495 [JavaFX Application Thread] DEBUG Engine               - profileName: user.profile
06:43:13.496 [JavaFX Application Thread] DEBUG Engine               - notificationViewClass: class com.almasb.fxgl.notification.view.XboxNotificationView
06:43:13.496 [JavaFX Application Thread] DEBUG Engine               - sceneFactory: com.almasb.fxgl.app.SceneFactory@71d3e675
06:43:13.496 [JavaFX Application Thread] DEBUG Engine               - dataFileExt: .dat
06:43:13.496 [JavaFX Application Thread] DEBUG Engine               - stageStyle: DECORATED
06:43:13.496 [JavaFX Application Thread] DEBUG Engine               - isManualResizeEnabled: false
06:43:13.497 [JavaFX Application Thread] DEBUG Engine               - title: Coin Run
06:43:13.497 [JavaFX Application Thread] DEBUG Engine               - credits: []
06:43:13.497 [JavaFX Application Thread] DEBUG Engine               - uIFactory: com.almasb.fxgl.ui.FXGLUIFactory@67848c04
06:43:13.497 [JavaFX Application Thread] DEBUG Engine               - fontText: Courier-Prime.ttf
06:43:13.497 [JavaFX Application Thread] DEBUG Engine               - isExperimentalTiledLargeMap: false
06:43:13.497 [JavaFX Application Thread] DEBUG Engine               - secondsIn24h: 60
06:43:13.498 [JavaFX Application Thread] DEBUG Engine               - soundMenuPress: menu/press.wav
06:43:13.498 [JavaFX Application Thread] DEBUG Engine               - urlGithub: https://github.com/AlmasB/FXGL
06:43:13.499 [JavaFX Application Thread] DEBUG Engine               - profileDir: profiles/
06:43:13.499 [JavaFX Application Thread] DEBUG Engine               - urlLeaderboard: http://fxgl-top.herokuapp.com/
06:43:13.499 [JavaFX Application Thread] DEBUG Engine               - saveDir: saves/
06:43:13.499 [JavaFX Application Thread] DEBUG Engine               - engineServices: [class com.almasb.fxgl.audio.AudioPlayer, class com.almasb.fxgl.notification.impl.NotificationServiceProvider, class com.almasb.fxgl.achievement.AchievementManager]
06:43:13.500 [JavaFX Application Thread] DEBUG Engine               - width: 1200
06:43:13.500 [JavaFX Application Thread] DEBUG Engine               - saveFileExt: .sav
06:43:13.500 [JavaFX Application Thread] DEBUG Engine               - fontUI: VarelaRound-Regular.ttf
06:43:13.501 [JavaFX Application Thread] DEBUG Engine               - enabledMenuItems: []
06:43:13.567 [JavaFX Application Thread] INFO  Engine               - FXGL initialization took: 11.306 sec
06:43:13.567 [JavaFX Application Thread] DEBUG LoopRunner           - Starting loop
06:43:13.644 [JavaFX Application Thread] DEBUG StartupScene         - STARTUP
06:43:13.645 [JavaFX Application Thread] DEBUG Engine               - Starting new game
06:43:13.645 [JavaFX Application Thread] DEBUG AssetLoader          - Loading from disk: /assets/ui/css/fxgl_dark.css
06:43:13.647 [JavaFX Application Thread] DEBUG Input                - Clearing active input actions
06:43:13.679 [JavaFX Application Thread] DEBUG MainWindow           - StartupScene -> LoadingScene
06:43:13.703 [JavaFX Application Thread] DEBUG Engine               - Removing overlay from StartupScene and adding to LoadingScene
06:43:13.704 [FXGL Background Thread 1 ] DEBUG InitAppTask          - Clearing previous game
06:43:13.704 [FXGL Background Thread 1 ] DEBUG GameWorld            - Clearing game world
06:43:13.705 [FXGL Background Thread 1 ] DEBUG PhysicsWorld         - Clearing physics world
06:43:13.705 [FXGL Background Thread 1 ] DEBUG GameScene            - Clearing game scene
06:43:13.706 [FXGL Background Thread 1 ] DEBUG InitAppTask          - Initializing Game
06:43:13.715 [FXGL Background Thread 1 ] DEBUG AssetLoader          - Loading from disk: /assets/textures/background.png
06:43:14.197 [FXGL Background Thread 1 ] DEBUG AssetLoader          - Loading from disk: /assets/textures/player2_still.png
06:43:14.322 [FXGL Background Thread 1 ] DEBUG InitAppTask          - Initializing Physics
06:43:14.330 [FXGL Background Thread 1 ] DEBUG InitAppTask          - Initializing UI
06:43:14.353 [FXGL Background Thread 1 ] DEBUG InitAppTask          - Initialization Complete
06:43:14.354 [FXGL Background Thread 1 ] INFO  InitAppTask          - Game initialization took: 0.650 sec
06:43:14.810 [JavaFX Application Thread] DEBUG AssetLoader          - Loading from disk: /assets/ui/css/fxgl_dark.css
06:43:14.812 [JavaFX Application Thread] DEBUG Input                - Clearing active input actions
06:43:14.849 [JavaFX Application Thread] DEBUG MainWindow           - LoadingScene -> GameScene
06:43:14.849 [JavaFX Application Thread] DEBUG Engine               - Removing overlay from LoadingScene and adding to GameScene
06:43:18.985 [JavaFX Application Thread] DEBUG Engine               - Exiting FXGL
06:43:18.985 [JavaFX Application Thread] DEBUG Engine               - Shutting down background threads
06:43:18.986 [JavaFX Application Thread] DEBUG Engine               - Saving FXGL system data
06:43:19.070 [JavaFX Application Thread] DEBUG MobileFSService      - Writing to: C:\Users\Unique-Pc\IdeaProjects\javafx-workshop\system\fxgl.bundle
06:43:19.109 [JavaFX Application Thread] DEBUG Engine               - Closing logger and exiting JavaFX
