12:11:06.484 [main                     ] DEBUG GameApplication      - Logger initialized
12:11:06.557 [main                     ] DEBUG GameApplication      - Logging settings
Title: Coin Run
Version: 0.0
Width: 1200
Height: 700
Fullscreen: false
Intro: false
Menus: false
Profiling: false
Single step:false
App Mode: DEVELOPER
Menu Key: ESCAPE
Stage Style: DECORATED
Scene Factory: class com.almasb.fxgl.app.SceneFactory
Dialog Factory: class com.almasb.fxgl.ui.FXGLDialogFactory
UI Factory: class com.almasb.fxgl.ui.FXGLUIFactory

12:11:09.802 [JavaFX Application Thread] DEBUG Engine               - Initializing FXGL
12:11:09.836 [JavaFX Application Thread] INFO  Engine               - FXGL-11.2-beta on DESKTOP
12:11:09.837 [JavaFX Application Thread] INFO  Engine               - Source code and latest versions at: https://github.com/AlmasB/FXGL
12:11:09.839 [JavaFX Application Thread] INFO  Engine               -              Join the FXGL chat at: https://gitter.im/AlmasB/FXGL
12:11:09.865 [JavaFX Application Thread] DEBUG Engine               - Adding new engine service: class com.almasb.fxgl.audio.AudioPlayer
12:11:09.871 [JavaFX Application Thread] DEBUG Engine               - Adding new engine service: class com.almasb.fxgl.notification.impl.NotificationServiceProvider
12:11:09.875 [JavaFX Application Thread] DEBUG Engine               - Adding new engine service: class com.almasb.fxgl.achievement.AchievementManager
12:11:09.880 [JavaFX Application Thread] DEBUG Engine               - Adding new engine service: class com.almasb.fxgl.dev.DevService
12:11:09.957 [JavaFX Application Thread] DEBUG SaveLoadManager      - Checking profiles dir: profiles/
12:11:09.968 [JavaFX Application Thread] DEBUG FS                   - Loaded MobileFSService
12:11:09.970 [JavaFX Application Thread] DEBUG Engine               - Loading localizations
12:11:10.007 [JavaFX Application Thread] DEBUG AssetLoader          - Loading from disk: /assets/properties/languages/english.properties
12:11:10.025 [JavaFX Application Thread] DEBUG AssetLoader          - Loading from disk: /assets/properties/languages/french.properties
12:11:10.035 [JavaFX Application Thread] DEBUG AssetLoader          - Loading from disk: /assets/properties/languages/german.properties
12:11:10.046 [JavaFX Application Thread] DEBUG AssetLoader          - Loading from disk: /assets/properties/languages/russian.properties
12:11:10.073 [JavaFX Application Thread] DEBUG AssetLoader          - Loading from disk: /assets/properties/languages/hungarian.properties
12:11:10.101 [JavaFX Application Thread] DEBUG Engine               - Registering font factories
12:11:10.104 [JavaFX Application Thread] DEBUG AssetLoader          - Loading from disk: /assets/ui/fonts/VarelaRound-Regular.ttf
12:11:10.708 [JavaFX Application Thread] DEBUG AssetLoader          - Loading from disk: /assets/ui/fonts/Abel-Regular.ttf
12:11:10.726 [JavaFX Application Thread] DEBUG AssetLoader          - Loading from disk: /assets/ui/fonts/lucida_console.ttf
12:11:10.750 [JavaFX Application Thread] DEBUG AssetLoader          - Loading from disk: /assets/ui/fonts/Courier-Prime.ttf
12:11:10.774 [JavaFX Application Thread] DEBUG Engine               - Setting UI factory
12:11:11.309 [JavaFX Application Thread] DEBUG AssetLoader          - Loading from disk: /assets/ui/cursors/fxgl_default.png
12:11:12.251 [JavaFX Application Thread] DEBUG MainWindow           - Creating a JavaFX scene
12:11:12.784 [JavaFX Application Thread] DEBUG MainWindow           - Target settings size: 1200.0 x 700.0
12:11:12.785 [JavaFX Application Thread] DEBUG MainWindow           - Scaled scene size:    1200.0 x 700.0
12:11:12.786 [JavaFX Application Thread] DEBUG MainWindow           - Scaled ratio: (1.0, 1.0)
12:11:12.790 [JavaFX Application Thread] DEBUG AssetLoader          - Loading from disk: /assets/ui/css/fxgl_dark.css
12:11:12.797 [JavaFX Application Thread] DEBUG Input                - Clearing active input actions
12:11:12.798 [JavaFX Application Thread] DEBUG MainWindow           - StartupScene -> StartupScene
12:11:12.819 [JavaFX Application Thread] DEBUG AssetLoader          - Loading from disk: /assets/textures/fxgl_icon.png
12:11:13.030 [JavaFX Application Thread] DEBUG MainWindow           - Opening main window
12:11:13.864 [JavaFX Application Thread] DEBUG MainWindow           - Window border size: (16.0, 39.0)
12:11:13.865 [JavaFX Application Thread] DEBUG MainWindow           - Scaled size: 1200.0 x 700.0
12:11:13.865 [JavaFX Application Thread] DEBUG MainWindow           - Scaled ratio: (1.0, 1.0)
12:11:13.866 [JavaFX Application Thread] DEBUG MainWindow           - Scene size: 1200.0 x 700.0
12:11:13.866 [JavaFX Application Thread] DEBUG MainWindow           - Stage size: 1216.0 x 739.0
12:11:13.947 [FXGL Background Thread 1 ] DEBUG Engine               - Loading FXGL system data
12:11:13.991 [FXGL Background Thread 1 ] DEBUG MobileFSService      - Reading from: C:\Users\Laptop\IdeaProjects\javafx-workshop\system\fxgl.bundle
12:11:14.061 [FXGL Background Thread 1 ] DEBUG Engine               - Bundle FXGL: {}
12:11:14.062 [FXGL Background Thread 1 ] DEBUG Engine               - Initializing application scenes
12:11:14.077 [FXGL Background Thread 1 ] DEBUG AssetLoader          - Loading from disk: /assets/ui/cursors/fxgl_default.png
12:11:14.180 [FXGL Background Thread 1 ] DEBUG GameWorld            - Game world initialized
12:11:14.547 [FXGL Background Thread 1 ] DEBUG PhysicsWorld         - Physics world initialized: appHeight=700, physics.ppm=50.0
12:11:14.549 [FXGL Background Thread 1 ] DEBUG AssetLoader          - Loading from disk: /assets/ui/cursors/fxgl_default.png
12:11:14.559 [FXGL Background Thread 1 ] DEBUG GameScene            - Game scene initialized: 1200x700
12:11:14.692 [FXGL Background Thread 1 ] DEBUG Input                - Registered new binding: Pause - Esc
12:11:14.693 [FXGL Background Thread 1 ] DEBUG Engine               - Application scenes initialized
12:11:14.710 [JavaFX Application Thread] DEBUG Engine               - Running preInit()
12:11:14.712 [JavaFX Application Thread] DEBUG Input                - Registered new binding: Go right - Right
12:11:14.712 [JavaFX Application Thread] DEBUG Input                - Registered new binding: Go left - Left
12:11:14.713 [JavaFX Application Thread] DEBUG Input                - Registered new binding: Jump - Space
12:11:14.717 [JavaFX Application Thread] DEBUG Input                - Registered new binding: Screenshot - P
12:11:14.720 [JavaFX Application Thread] DEBUG Input                - Registered new binding: Dev Options - 1
12:11:14.722 [JavaFX Application Thread] DEBUG Input                - Registered new binding: System info dump - CTRL+9
12:11:14.724 [JavaFX Application Thread] DEBUG Input                - Registered new binding: Restart - CTRL+R
12:11:14.724 [JavaFX Application Thread] DEBUG Engine               - generateDefaultProfile()
12:11:14.724 [JavaFX Application Thread] DEBUG Engine               - Creating default profile
12:11:14.726 [JavaFX Application Thread] DEBUG EventBus             - Firing event: SaveEvent
12:11:14.764 [JavaFX Application Thread] DEBUG Engine               - Logging environment variables
12:11:14.764 [JavaFX Application Thread] DEBUG Engine               - achievementStores: []
12:11:14.764 [JavaFX Application Thread] DEBUG Engine               - cSS: fxgl_dark.css
12:11:14.765 [JavaFX Application Thread] DEBUG Engine               - language: ObjectProperty [value: ENGLISH]
12:11:14.765 [JavaFX Application Thread] DEBUG Engine               - isCloseConfirmation: false
12:11:14.765 [JavaFX Application Thread] DEBUG Engine               - isProfilingEnabled: false
12:11:14.766 [JavaFX Application Thread] DEBUG Engine               - soundNotification: core/notification.wav
12:11:14.766 [JavaFX Application Thread] DEBUG Engine               - pixelsPerMeter: 50.0
12:11:14.766 [JavaFX Application Thread] DEBUG Engine               - overlayRoot: Group@5c596479
12:11:14.767 [JavaFX Application Thread] DEBUG Engine               - soundMenuBack: menu/back.wav
12:11:14.767 [JavaFX Application Thread] DEBUG Engine               - appIcon: fxgl_icon.png
12:11:14.767 [JavaFX Application Thread] DEBUG Engine               - isFullScreenAllowed: false
12:11:14.767 [JavaFX Application Thread] DEBUG Engine               - isIntroEnabled: false
12:11:14.768 [JavaFX Application Thread] DEBUG Engine               - fontMono: lucida_console.ttf
12:11:14.768 [JavaFX Application Thread] DEBUG Engine               - soundMenuSelect: menu/select.wav
12:11:14.768 [JavaFX Application Thread] DEBUG Engine               - height: 700
12:11:14.769 [JavaFX Application Thread] DEBUG Engine               - isSingleStep: false
12:11:14.769 [JavaFX Application Thread] DEBUG Engine               - fontGame: Abel-Regular.ttf
12:11:14.769 [JavaFX Application Thread] DEBUG Engine               - menuKey: ESCAPE
12:11:14.770 [JavaFX Application Thread] DEBUG Engine               - versionCheckDays: 7
12:11:14.770 [JavaFX Application Thread] DEBUG Engine               - masterTimer: com.almasb.fxgl.time.Timer@cd86437
12:11:14.770 [JavaFX Application Thread] DEBUG Engine               - configClass: Optional.empty
12:11:14.770 [JavaFX Application Thread] DEBUG Engine               - version: 0.0
12:11:14.771 [JavaFX Application Thread] DEBUG Engine               - fullScreen: BooleanProperty [value: false]
12:11:14.772 [JavaFX Application Thread] DEBUG Engine               - dialogFactory: com.almasb.fxgl.ui.FXGLDialogFactory@4ce228d2
12:11:14.772 [JavaFX Application Thread] DEBUG Engine               - applicationMode: DEVELOPER
12:11:14.772 [JavaFX Application Thread] DEBUG Engine               - urlGoogleForms: https://goo.gl/forms/6wrMnOBxTE1fEpOy2
12:11:14.772 [JavaFX Application Thread] DEBUG Engine               - isMenuEnabled: false
12:11:14.773 [JavaFX Application Thread] DEBUG Engine               - urlPOM: https://raw.githubusercontent.com/AlmasB/FXGL/master/pom.xml
12:11:14.773 [JavaFX Application Thread] DEBUG Engine               - profileName: user.profile
12:11:14.774 [JavaFX Application Thread] DEBUG Engine               - notificationViewClass: class com.almasb.fxgl.notification.view.XboxNotificationView
12:11:14.774 [JavaFX Application Thread] DEBUG Engine               - sceneFactory: com.almasb.fxgl.app.SceneFactory@107ff3b4
12:11:14.775 [JavaFX Application Thread] DEBUG Engine               - dataFileExt: .dat
12:11:14.775 [JavaFX Application Thread] DEBUG Engine               - stageStyle: DECORATED
12:11:14.775 [JavaFX Application Thread] DEBUG Engine               - isManualResizeEnabled: false
12:11:14.776 [JavaFX Application Thread] DEBUG Engine               - title: Coin Run
12:11:14.776 [JavaFX Application Thread] DEBUG Engine               - credits: []
12:11:14.776 [JavaFX Application Thread] DEBUG Engine               - uIFactory: com.almasb.fxgl.ui.FXGLUIFactory@76fdc7c5
12:11:14.777 [JavaFX Application Thread] DEBUG Engine               - fontText: Courier-Prime.ttf
12:11:14.777 [JavaFX Application Thread] DEBUG Engine               - isExperimentalTiledLargeMap: false
12:11:14.777 [JavaFX Application Thread] DEBUG Engine               - secondsIn24h: 60
12:11:14.778 [JavaFX Application Thread] DEBUG Engine               - soundMenuPress: menu/press.wav
12:11:14.778 [JavaFX Application Thread] DEBUG Engine               - urlGithub: https://github.com/AlmasB/FXGL
12:11:14.778 [JavaFX Application Thread] DEBUG Engine               - profileDir: profiles/
12:11:14.778 [JavaFX Application Thread] DEBUG Engine               - urlLeaderboard: http://fxgl-top.herokuapp.com/
12:11:14.779 [JavaFX Application Thread] DEBUG Engine               - saveDir: saves/
12:11:14.779 [JavaFX Application Thread] DEBUG Engine               - engineServices: [class com.almasb.fxgl.audio.AudioPlayer, class com.almasb.fxgl.notification.impl.NotificationServiceProvider, class com.almasb.fxgl.achievement.AchievementManager]
12:11:14.779 [JavaFX Application Thread] DEBUG Engine               - width: 1200
12:11:14.779 [JavaFX Application Thread] DEBUG Engine               - saveFileExt: .sav
12:11:14.779 [JavaFX Application Thread] DEBUG Engine               - fontUI: VarelaRound-Regular.ttf
12:11:14.780 [JavaFX Application Thread] DEBUG Engine               - enabledMenuItems: []
12:11:14.827 [JavaFX Application Thread] INFO  Engine               - FXGL initialization took: 4.857 sec
12:11:14.828 [JavaFX Application Thread] DEBUG LoopRunner           - Starting loop
12:11:14.857 [JavaFX Application Thread] DEBUG StartupScene         - STARTUP
12:11:14.857 [JavaFX Application Thread] DEBUG Engine               - Starting new game
12:11:14.858 [JavaFX Application Thread] DEBUG AssetLoader          - Loading from disk: /assets/ui/css/fxgl_dark.css
12:11:14.860 [JavaFX Application Thread] DEBUG Input                - Clearing active input actions
12:11:14.892 [JavaFX Application Thread] DEBUG MainWindow           - StartupScene -> LoadingScene
12:11:14.925 [JavaFX Application Thread] DEBUG Engine               - Removing overlay from StartupScene and adding to LoadingScene
12:11:14.927 [FXGL Background Thread 1 ] DEBUG InitAppTask          - Clearing previous game
12:11:14.927 [FXGL Background Thread 1 ] DEBUG GameWorld            - Clearing game world
12:11:14.927 [FXGL Background Thread 1 ] DEBUG PhysicsWorld         - Clearing physics world
12:11:14.928 [FXGL Background Thread 1 ] DEBUG GameScene            - Clearing game scene
12:11:14.928 [FXGL Background Thread 1 ] DEBUG InitAppTask          - Initializing Game
12:11:14.947 [FXGL Background Thread 1 ] DEBUG AssetLoader          - Loading from disk: /assets/textures/background.png
12:11:15.289 [FXGL Background Thread 1 ] DEBUG AssetLoader          - Loading from disk: /assets/textures/player2_still.png
12:11:15.346 [FXGL Background Thread 1 ] DEBUG InitAppTask          - Initializing Physics
12:11:15.351 [FXGL Background Thread 1 ] DEBUG InitAppTask          - Initializing UI
12:11:15.390 [FXGL Background Thread 1 ] DEBUG InitAppTask          - Initialization Complete
12:11:15.391 [FXGL Background Thread 1 ] INFO  InitAppTask          - Game initialization took: 0.464 sec
12:11:15.550 [JavaFX Application Thread] DEBUG AssetLoader          - Loading from disk: /assets/ui/css/fxgl_dark.css
12:11:15.552 [JavaFX Application Thread] DEBUG Input                - Clearing active input actions
12:11:15.598 [JavaFX Application Thread] DEBUG MainWindow           - LoadingScene -> GameScene
12:11:15.599 [JavaFX Application Thread] DEBUG Engine               - Removing overlay from LoadingScene and adding to GameScene
12:11:26.584 [JavaFX Application Thread] DEBUG Engine               - Exiting FXGL
12:11:26.584 [JavaFX Application Thread] DEBUG Engine               - Shutting down background threads
12:11:26.585 [JavaFX Application Thread] DEBUG Engine               - Saving FXGL system data
12:11:26.594 [JavaFX Application Thread] DEBUG MobileFSService      - Writing to: C:\Users\Laptop\IdeaProjects\javafx-workshop\system\fxgl.bundle
12:11:26.601 [JavaFX Application Thread] DEBUG Engine               - Closing logger and exiting JavaFX
